rho_c = 0.00024, P_c = 3.06351e-06, eps_c = 0.000243945
finished odeint with kount = 1610, r = 13.602, and P = 1.13747e-24
Found TOV solution for rho_c = 0.00024
       Mass     = 0.165596
       RestMass = 0.166272
       Radius   = 13.4359
       Circ Radius = 13.602
       Surf Lapse  =  0.987751  0.987751  13.602
rho_c = 0.000251547, P_c = 3.51962e-06, eps_c = 0.000255844
finished odeint with kount = 1565, r = 12.7386, and P = 1.54316e-24
Found TOV solution for rho_c = 0.000251547
       Mass     = 0.183889
       RestMass = 0.184871
       Radius   = 12.5541
       Circ Radius = 12.7386
       Surf Lapse  =  0.985459  0.985459  12.7386
rho_c = 0.00026365, P_c = 4.04558e-06, eps_c = 0.000268332
finished odeint with kount = 1525, r = 12.0704, and P = 3.19836e-24
Found TOV solution for rho_c = 0.00026365
       Mass     = 0.204181
       RestMass = 0.205553
       Radius   = 11.8653
       Circ Radius = 12.0704
       Surf Lapse  =  0.982939  0.982939  12.0704
rho_c = 0.000276335, P_c = 4.64346e-06, eps_c = 0.000281457
finished odeint with kount = 1515, r = 11.589, and P = 1.98413e-24
Found TOV solution for rho_c = 0.000276335
       Mass     = 0.226327
       RestMass = 0.228184
       Radius   = 11.3616
       Circ Radius = 11.589
       Surf Lapse  =  0.980276  0.980276  11.589
rho_c = 0.00028963, P_c = 5.32921e-06, eps_c = 0.000295243
finished odeint with kount = 1491, r = 11.1979, and P = 1.67198e-24
Found TOV solution for rho_c = 0.00028963
       Mass     = 0.250624
       RestMass = 0.253083
       Radius   = 10.9459
       Circ Radius = 11.1979
       Surf Lapse  =  0.977363  0.977363  11.1979
rho_c = 0.000303565, P_c = 6.12257e-06, eps_c = 0.000309711
finished odeint with kount = 1453, r = 10.8914, and P = 2.92909e-24
Found TOV solution for rho_c = 0.000303565
       Mass     = 0.277499
       RestMass = 0.280711
       Radius   = 10.6121
       Circ Radius = 10.8914
       Surf Lapse  =  0.974188  0.974188  10.8914
rho_c = 0.000318171, P_c = 7.005e-06, eps_c = 0.00032494
finished odeint with kount = 1462, r = 10.6588, and P = 6.49642e-24
Found TOV solution for rho_c = 0.000318171
       Mass     = 0.305995
       RestMass = 0.310103
       Radius   = 10.3505
       Circ Radius = 10.6588
       Surf Lapse  =  0.970867  0.970867  10.6588
rho_c = 0.000333479, P_c = 8.01109e-06, eps_c = 0.00034094
finished odeint with kount = 1421, r = 10.4753, and P = 7.80488e-24
Found TOV solution for rho_c = 0.000333479
       Mass     = 0.3368
       RestMass = 0.341988
       Radius   = 10.1357
       Circ Radius = 10.4753
       Surf Lapse  =  0.967314  0.967314  10.4753
rho_c = 0.000349524, P_c = 9.17112e-06, eps_c = 0.000357742
finished odeint with kount = 1430, r = 10.3295, and P = 2.04723e-24
Found TOV solution for rho_c = 0.000349524
       Mass     = 0.370467
       RestMass = 0.376969
       Radius   = 9.95555
       Circ Radius = 10.3295
       Surf Lapse  =  0.963468  0.963468  10.3295
rho_c = 0.00036634, P_c = 1.04727e-05, eps_c = 0.000375445
finished odeint with kount = 1431, r = 10.2175, and P = 2.24324e-24
Found TOV solution for rho_c = 0.00036634
       Mass     = 0.406184
       RestMass = 0.414232
       Radius   = 9.80715
       Circ Radius = 10.2175
       Surf Lapse  =  0.959423  0.959423  10.2175
rho_c = 0.000383966, P_c = 1.1967e-05, eps_c = 0.00039405
finished odeint with kount = 1394, r = 10.1317, and P = 1.00667e-23
Found TOV solution for rho_c = 0.000383966
       Mass     = 0.444815
       RestMass = 0.454712
       Radius   = 9.68177
       Circ Radius = 10.1317
       Surf Lapse  =  0.955088  0.955088  10.1317
rho_c = 0.00040244, P_c = 1.36844e-05, eps_c = 0.000413609
finished odeint with kount = 1389, r = 10.063, and P = 8.82474e-25
Found TOV solution for rho_c = 0.00040244
       Mass     = 0.486611
       RestMass = 0.498715
       Radius   = 9.57018
       Circ Radius = 10.063
       Surf Lapse  =  0.950414  0.950414  10.063
rho_c = 0.000421803, P_c = 1.5592e-05, eps_c = 0.000434235
finished odeint with kount = 1369, r = 10.015, and P = 4.52488e-24
Found TOV solution for rho_c = 0.000421803
       Mass     = 0.530155
       RestMass = 0.544787
       Radius   = 9.47746
       Circ Radius = 10.015
       Surf Lapse  =  0.945584  0.945584  10.015
rho_c = 0.000442097, P_c = 1.77753e-05, eps_c = 0.000455938
finished odeint with kount = 1383, r = 9.97433, and P = 6.79553e-24
Found TOV solution for rho_c = 0.000442097
       Mass     = 0.576693
       RestMass = 0.594287
       Radius   = 9.38878
       Circ Radius = 9.97433
       Surf Lapse  =  0.940407  0.940407  9.97433
rho_c = 0.000463367, P_c = 2.02838e-05, eps_c = 0.000478764
finished odeint with kount = 1361, r = 9.95172, and P = 8.14868e-24
Found TOV solution for rho_c = 0.000463367
       Mass     = 0.626571
       RestMass = 0.647642
       Radius   = 9.31461
       Circ Radius = 9.95172
       Surf Lapse  =  0.934921  0.934921  9.95172
rho_c = 0.000485662, P_c = 2.30877e-05, eps_c = 0.000502873
finished odeint with kount = 1351, r = 9.93302, and P = 5.69194e-24
Found TOV solution for rho_c = 0.000485662
       Mass     = 0.678387
       RestMass = 0.703403
       Radius   = 9.24218
       Circ Radius = 9.93302
       Surf Lapse  =  0.929197  0.929197  9.93302
rho_c = 0.000509028, P_c = 2.63028e-05, eps_c = 0.000528253
finished odeint with kount = 9955, r = 9.92097, and P = 2.12391e-24
Found TOV solution for rho_c = 0.000509028
       Mass     = 0.733392
       RestMass = 0.762971
       Radius   = 9.17292
       Circ Radius = 9.92097
       Surf Lapse  =  0.923121  0.923121  9.92097
rho_c = 0.000533519, P_c = 2.99867e-05, eps_c = 0.000554988
finished odeint with kount = 9780, r = 9.91409, and P = 4.84849e-24
Found TOV solution for rho_c = 0.000533519
       Mass     = 0.791641
       RestMass = 0.826482
       Radius   = 9.10524
       Circ Radius = 9.91409
       Surf Lapse  =  0.916679  0.916679  9.91409
rho_c = 0.000559188, P_c = 3.40961e-05, eps_c = 0.000583277
finished odeint with kount = 9602, r = 9.90807, and P = 1.50248e-23
Found TOV solution for rho_c = 0.000559188
       Mass     = 0.851395
       RestMass = 0.892102
       Radius   = 9.03662
       Circ Radius = 9.90807
       Surf Lapse  =  0.910023  0.910023  9.90807
rho_c = 0.000586093, P_c = 3.88213e-05, eps_c = 0.000613102
finished odeint with kount = 9434, r = 9.9045, and P = 3.99532e-25
Found TOV solution for rho_c = 0.000586093
       Mass     = 0.914346
       RestMass = 0.961752
       Radius   = 8.96684
       Circ Radius = 9.9045
       Surf Lapse  =  0.902977  0.902977  9.9045
rho_c = 0.000614292, P_c = 4.42067e-05, eps_c = 0.000644561
finished odeint with kount = 9281, r = 9.90179, and P = 2.34096e-23
Found TOV solution for rho_c = 0.000614292
       Mass     = 0.979927
       RestMass = 1.03489
       Radius   = 8.89487
       Circ Radius = 9.90179
       Surf Lapse  =  0.895584  0.895584  9.90179
rho_c = 0.000643847, P_c = 5.01734e-05, eps_c = 0.00067789
finished odeint with kount = 9138, r = 9.89816, and P = 4.95831e-23
Found TOV solution for rho_c = 0.000643847
       Mass     = 1.04591
       RestMass = 1.1091
       Radius   = 8.82125
       Circ Radius = 9.89816
       Surf Lapse  =  0.888069  0.888069  9.89816
rho_c = 0.000674824, P_c = 5.70342e-05, eps_c = 0.000713065
finished odeint with kount = 8973, r = 9.89238, and P = 4.53459e-23
Found TOV solution for rho_c = 0.000674824
       Mass     = 1.11453
       RestMass = 1.18694
       Radius   = 8.74233
       Circ Radius = 9.89238
       Surf Lapse  =  0.880153  0.880153  9.89238
rho_c = 0.000707292, P_c = 6.48398e-05, eps_c = 0.000750269
finished odeint with kount = 8841, r = 9.88546, and P = 4.16107e-24
Found TOV solution for rho_c = 0.000707292
       Mass     = 1.18495
       RestMass = 1.26756
       Radius   = 8.65998
       Circ Radius = 9.88546
       Surf Lapse  =  0.871931  0.871931  9.88546
rho_c = 0.000741322, P_c = 7.35719e-05, eps_c = 0.000789758
finished odeint with kount = 8694, r = 9.87435, and P = 6.00227e-23
Found TOV solution for rho_c = 0.000741322
       Mass     = 1.25552
       RestMass = 1.34913
       Radius   = 8.57285
       Circ Radius = 9.87435
       Surf Lapse  =  0.863539  0.863539  9.87435
rho_c = 0.00077699, P_c = 8.35844e-05, eps_c = 0.000831522
finished odeint with kount = 8529, r = 9.86006, and P = 5.01308e-23
Found TOV solution for rho_c = 0.00077699
       Mass     = 1.3277
       RestMass = 1.43338
       Radius   = 8.48039
       Circ Radius = 9.86006
       Surf Lapse  =  0.854804  0.854804  9.86006
rho_c = 0.000814373, P_c = 9.48489e-05, eps_c = 0.000875809
finished odeint with kount = 8394, r = 9.84056, and P = 3.59345e-23
Found TOV solution for rho_c = 0.000814373
       Mass     = 1.39988
       RestMass = 1.51851
       Radius   = 8.38224
       Circ Radius = 9.84056
       Surf Lapse  =  0.845865  0.845865  9.84056
rho_c = 0.000853555, P_c = 0.00010733, eps_c = 0.000922849
finished odeint with kount = 8259, r = 9.81891, and P = 9.38309e-23
Found TOV solution for rho_c = 0.000853555
       Mass     = 1.47035
       RestMass = 1.6025
       Radius   = 8.28331
       Circ Radius = 9.81891
       Surf Lapse  =  0.836962  0.836962  9.81891
rho_c = 0.000894622, P_c = 0.000121601, eps_c = 0.000972729
finished odeint with kount = 8110, r = 9.79119, and P = 1.73859e-25
Found TOV solution for rho_c = 0.000894622
       Mass     = 1.54103
       RestMass = 1.68765
       Radius   = 8.17757
       Circ Radius = 9.79119
       Surf Lapse  =  0.827781  0.827781  9.79119
rho_c = 0.000937666, P_c = 0.00013748, eps_c = 0.00102574
finished odeint with kount = 7973, r = 9.75841, and P = 6.84794e-23
Found TOV solution for rho_c = 0.000937666
       Mass     = 1.60971
       RestMass = 1.77132
       Radius   = 8.06841
       Circ Radius = 9.75841
       Surf Lapse  =  0.818588  0.818588  9.75841
rho_c = 0.00098278, P_c = 0.000155022, eps_c = 0.00108215
finished odeint with kount = 7827, r = 9.72082, and P = 3.58193e-23
Found TOV solution for rho_c = 0.00098278
       Mass     = 1.67538
       RestMass = 1.85222
       Radius   = 7.95725
       Circ Radius = 9.72082
       Surf Lapse  =  0.809506  0.809506  9.72082
rho_c = 0.00103006, P_c = 0.000174983, eps_c = 0.00114213
finished odeint with kount = 7715, r = 9.677, and P = 6.0856e-23
Found TOV solution for rho_c = 0.00103006
       Mass     = 1.73972
       RestMass = 1.93238
       Radius   = 7.84077
       Circ Radius = 9.677
       Surf Lapse  =  0.800276  0.800276  9.677
rho_c = 0.00107962, P_c = 0.000196823, eps_c = 0.001206
finished odeint with kount = 7591, r = 9.62919, and P = 1.89195e-22
Found TOV solution for rho_c = 0.00107962
       Mass     = 1.80005
       RestMass = 2.0084
       Radius   = 7.72427
       Circ Radius = 9.62919
       Surf Lapse  =  0.791282  0.791282  9.62919
rho_c = 0.00113157, P_c = 0.000220821, eps_c = 0.00127413
finished odeint with kount = 7473, r = 9.57684, and P = 2.02073e-22
Found TOV solution for rho_c = 0.00113157
       Mass     = 1.85626
       RestMass = 2.08004
       Radius   = 7.60734
       Circ Radius = 9.57684
       Surf Lapse  =  0.782524  0.782524  9.57684
rho_c = 0.00118601, P_c = 0.000247908, eps_c = 0.00134671
finished odeint with kount = 7368, r = 9.51893, and P = 4.65506e-23
Found TOV solution for rho_c = 0.00118601
       Mass     = 1.90976
       RestMass = 2.14897
       Radius   = 7.4874
       Circ Radius = 9.51893
       Surf Lapse  =  0.773787  0.773787  9.51893
rho_c = 0.00124307, P_c = 0.000277096, eps_c = 0.00142411
finished odeint with kount = 7267, r = 9.45776, and P = 1.23243e-22
Found TOV solution for rho_c = 0.00124307
       Mass     = 1.95809
       RestMass = 2.21193
       Radius   = 7.36961
       Circ Radius = 9.45776
       Surf Lapse  =  0.765461  0.765461  9.45776
rho_c = 0.00130288, P_c = 0.000309025, eps_c = 0.00150669
finished odeint with kount = 7157, r = 9.39314, and P = 5.54422e-23
Found TOV solution for rho_c = 0.00130288
       Mass     = 2.0019
       RestMass = 2.26962
       Radius   = 7.2531
       Circ Radius = 9.39314
       Surf Lapse  =  0.757465  0.757465  9.39314
rho_c = 0.00136557, P_c = 0.00034483, eps_c = 0.00159497
finished odeint with kount = 7046, r = 9.32333, and P = 5.1996e-23
Found TOV solution for rho_c = 0.00136557
       Mass     = 2.04229
       RestMass = 2.32337
       Radius   = 7.13489
       Circ Radius = 9.32333
       Surf Lapse  =  0.749598  0.749598  9.32333
rho_c = 0.00143127, P_c = 0.000382713, eps_c = 0.00168909
finished odeint with kount = 6949, r = 9.25261, and P = 2.64648e-22
Found TOV solution for rho_c = 0.00143127
       Mass     = 2.07715
       RestMass = 2.37022
       Radius   = 7.02185
       Circ Radius = 9.25261
       Surf Lapse  =  0.742303  0.742303  9.25261
rho_c = 0.00150013, P_c = 0.000424088, eps_c = 0.0017898
finished odeint with kount = 6886, r = 9.17932, and P = 1.35468e-22
Found TOV solution for rho_c = 0.00150013
       Mass     = 2.10774
       RestMass = 2.41173
       Radius   = 6.91088
       Circ Radius = 9.17932
       Surf Lapse  =  0.735367  0.735367  9.17932
rho_c = 0.00157231, P_c = 0.000470018, eps_c = 0.00189758
finished odeint with kount = 6815, r = 9.10187, and P = 7.09991e-23
Found TOV solution for rho_c = 0.00157231
       Mass     = 2.13465
       RestMass = 2.44859
       Radius   = 6.79968
       Circ Radius = 9.10187
       Surf Lapse  =  0.728658  0.728658  9.10187
rho_c = 0.00164796, P_c = 0.000518227, eps_c = 0.00201248
finished odeint with kount = 6746, r = 9.02512, and P = 3.99181e-22
Found TOV solution for rho_c = 0.00164796
       Mass     = 2.15671
       RestMass = 2.47907
       Radius   = 6.69471
       Circ Radius = 9.02512
       Surf Lapse  =  0.72254  0.72254  9.02512
rho_c = 0.00172725, P_c = 0.000570777, eps_c = 0.00213545
finished odeint with kount = 6677, r = 8.94634, and P = 5.23358e-22
Found TOV solution for rho_c = 0.00172725
       Mass     = 2.17502
       RestMass = 2.50457
       Radius   = 6.5919
       Circ Radius = 8.94634
       Surf Lapse  =  0.716772  0.716772  8.94634
rho_c = 0.00181035, P_c = 0.000628771, eps_c = 0.00226737
finished odeint with kount = 6609, r = 8.86495, and P = 2.68352e-22
Found TOV solution for rho_c = 0.00181035
       Mass     = 2.18995
       RestMass = 2.52552
       Radius   = 6.49027
       Circ Radius = 8.86495
       Surf Lapse  =  0.711288  0.711288  8.86495
rho_c = 0.00189745, P_c = 0.000688939, eps_c = 0.00240778
finished odeint with kount = 6579, r = 8.78576, and P = 6.71658e-22
Found TOV solution for rho_c = 0.00189745
       Mass     = 2.20093
       RestMass = 2.54104
       Radius   = 6.39547
       Circ Radius = 8.78576
       Surf Lapse  =  0.706384  0.706384  8.78576
rho_c = 0.00198874, P_c = 0.000754552, eps_c = 0.00255831
finished odeint with kount = 6534, r = 8.70522, and P = 4.02145e-22
Found TOV solution for rho_c = 0.00198874
       Mass     = 2.20882
       RestMass = 2.55226
       Radius   = 6.30289
       Circ Radius = 8.70522
       Surf Lapse  =  0.701805  0.701805  8.70522
rho_c = 0.00208443, P_c = 0.000826448, eps_c = 0.00272005
finished odeint with kount = 6483, r = 8.62279, and P = 2.4025e-22
Found TOV solution for rho_c = 0.00208443
       Mass     = 2.21379
       RestMass = 2.55938
       Radius   = 6.21177
       Circ Radius = 8.62279
       Surf Lapse  =  0.697515  0.697515  8.62279
rho_c = 0.00218472, P_c = 0.00090063, eps_c = 0.00289176
finished odeint with kount = 6446, r = 8.54399, and P = 1.50687e-22
Found TOV solution for rho_c = 0.00218472
       Mass     = 2.21588
       RestMass = 2.56238
       Radius   = 6.12779
       Circ Radius = 8.54399
       Surf Lapse  =  0.693759  0.693759  8.54399
rho_c = 0.00228983, P_c = 0.000981486, eps_c = 0.00307618
finished odeint with kount = 6406, r = 8.46397, and P = 2.66177e-22
Found TOV solution for rho_c = 0.00228983
       Mass     = 2.21548
       RestMass = 2.56179
       Radius   = 6.04552
       Circ Radius = 8.46397
       Surf Lapse  =  0.690284  0.690284  8.46397
rho_c = 0.0024, P_c = 0.00106912, eps_c = 0.00327411
finished odeint with kount = 6390, r = 8.38364, and P = 9.61765e-22
Found TOV solution for rho_c = 0.0024
       Mass     = 2.21274
       RestMass = 2.55779
       Radius   = 5.96573
       Circ Radius = 8.38364
       Surf Lapse  =  0.687117  0.687117  8.38364
