Constructing an equilibrium solution with altered pressure
rho_c = 0.00037, P_c = 5.70098e-06, eps_c = 0.000378496
finished odeint with kount = 1128, r = 6.68025, and P = 1.0657e-25
Found TOV solution for rho_c = 0.00037
       Mass     = 0.183755
       RestMass = 0.184301
       Radius   = 6.4952
       Circ Radius = 6.68025
       Surf Lapse  =  0.972104  0.972104  6.68025
Constructing an equilibrium solution with altered pressure
rho_c = 0.000384711, P_c = 6.39853e-06, eps_c = 0.000393802
finished odeint with kount = 1149, r = 6.72058, and P = 1.03824e-24
Found TOV solution for rho_c = 0.000384711
       Mass     = 0.198196
       RestMass = 0.199003
       Radius   = 6.52088
       Circ Radius = 6.72058
       Surf Lapse  =  0.970061  0.970061  6.72058
Constructing an equilibrium solution with altered pressure
rho_c = 0.000400008, P_c = 7.1843e-06, eps_c = 0.000409734
finished odeint with kount = 1152, r = 6.76452, and P = 1.37147e-24
Found TOV solution for rho_c = 0.000400008
       Mass     = 0.214068
       RestMass = 0.215198
       Radius   = 6.5487
       Circ Radius = 6.76452
       Surf Lapse  =  0.967837  0.967837  6.76452
Constructing an equilibrium solution with altered pressure
rho_c = 0.000415913, P_c = 8.06901e-06, eps_c = 0.000426317
finished odeint with kount = 1176, r = 6.812, and P = 2.36966e-25
Found TOV solution for rho_c = 0.000415913
       Mass     = 0.231465
       RestMass = 0.23299
       Radius   = 6.5785
       Circ Radius = 6.812
       Surf Lapse  =  0.965423  0.965423  6.812
Constructing an equilibrium solution with altered pressure
rho_c = 0.00043245, P_c = 9.10324e-06, eps_c = 0.000443613
finished odeint with kount = 1166, r = 6.86489, and P = 2.93681e-24
Found TOV solution for rho_c = 0.00043245
       Mass     = 0.251233
       RestMass = 0.253262
       Radius   = 6.61127
       Circ Radius = 6.86489
       Surf Lapse  =  0.962708  0.962708  6.86489
Constructing an equilibrium solution with altered pressure
rho_c = 0.000449644, P_c = 1.03101e-05, eps_c = 0.000461653
finished odeint with kount = 1164, r = 6.9237, and P = 3.95188e-25
Found TOV solution for rho_c = 0.000449644
       Mass     = 0.27372
       RestMass = 0.276392
       Radius   = 6.64716
       Circ Radius = 6.9237
       Surf Lapse  =  0.959652  0.959652  6.9237
Constructing an equilibrium solution with altered pressure
rho_c = 0.000467522, P_c = 1.16798e-05, eps_c = 0.000480438
finished odeint with kount = 1191, r = 6.98685, and P = 2.38482e-24
Found TOV solution for rho_c = 0.000467522
       Mass     = 0.298532
       RestMass = 0.301996
       Radius   = 6.68499
       Circ Radius = 6.98685
       Surf Lapse  =  0.956318  0.956318  6.98685
Constructing an equilibrium solution with altered pressure
rho_c = 0.000486111, P_c = 1.32397e-05, eps_c = 0.000500006
finished odeint with kount = 1188, r = 7.05428, and P = 1.33154e-24
Found TOV solution for rho_c = 0.000486111
       Mass     = 0.325912
       RestMass = 0.330356
       Radius   = 6.72442
       Circ Radius = 7.05428
       Surf Lapse  =  0.95268  0.95268  7.05428
Constructing an equilibrium solution with altered pressure
rho_c = 0.00050544, P_c = 1.50973e-05, eps_c = 0.000520481
finished odeint with kount = 1199, r = 7.12909, and P = 9.47732e-24
Found TOV solution for rho_c = 0.00050544
       Mass     = 0.357486
       RestMass = 0.363193
       Radius   = 6.76689
       Circ Radius = 7.12909
       Surf Lapse  =  0.948531  0.948531  7.12909
Constructing an equilibrium solution with altered pressure
rho_c = 0.000525536, P_c = 1.7227e-05, eps_c = 0.000541826
finished odeint with kount = 1204, r = 7.20856, and P = 4.14406e-25
Found TOV solution for rho_c = 0.000525536
       Mass     = 0.392488
       RestMass = 0.399761
       Radius   = 6.81042
       Circ Radius = 7.20856
       Surf Lapse  =  0.943984  0.943984  7.20856
Constructing an equilibrium solution with altered pressure
rho_c = 0.000546432, P_c = 1.96627e-05, eps_c = 0.000564078
finished odeint with kount = 1196, r = 7.29201, and P = 1.2077e-23
Found TOV solution for rho_c = 0.000546432
       Mass     = 0.431037
       RestMass = 0.440239
       Radius   = 6.8542
       Circ Radius = 7.29201
       Surf Lapse  =  0.939031  0.939031  7.29201
Constructing an equilibrium solution with altered pressure
rho_c = 0.000568158, P_c = 2.24827e-05, eps_c = 0.000587342
finished odeint with kount = 1218, r = 7.3799, and P = 1.40191e-23
Found TOV solution for rho_c = 0.000568158
       Mass     = 0.473848
       RestMass = 0.485443
       Radius   = 6.89791
       Circ Radius = 7.3799
       Surf Lapse  =  0.933587  0.933587  7.3799
Constructing an equilibrium solution with altered pressure
rho_c = 0.000590749, P_c = 2.57647e-05, eps_c = 0.000611699
finished odeint with kount = 1231, r = 7.47223, and P = 1.53257e-23
Found TOV solution for rho_c = 0.000590749
       Mass     = 0.521509
       RestMass = 0.536076
       Radius   = 6.94093
       Circ Radius = 7.47223
       Surf Lapse  =  0.927585  0.927585  7.47223
Constructing an equilibrium solution with altered pressure
rho_c = 0.000614238, P_c = 2.95307e-05, eps_c = 0.000637112
finished odeint with kount = 1209, r = 7.56705, and P = 9.53242e-24
Found TOV solution for rho_c = 0.000614238
       Mass     = 0.57359
       RestMass = 0.591778
       Radius   = 6.98168
       Circ Radius = 7.56705
       Surf Lapse  =  0.921085  0.921085  7.56705
Constructing an equilibrium solution with altered pressure
rho_c = 0.00063866, P_c = 3.38525e-05, eps_c = 0.000663636
finished odeint with kount = 1239, r = 7.66354, and P = 1.12861e-23
Found TOV solution for rho_c = 0.00063866
       Mass     = 0.63024
       RestMass = 0.652813
       Radius   = 7.01915
       Circ Radius = 7.66354
       Surf Lapse  =  0.914069  0.914069  7.66354
Constructing an equilibrium solution with altered pressure
rho_c = 0.000664054, P_c = 3.88237e-05, eps_c = 0.000691527
finished odeint with kount = 1269, r = 7.76102, and P = 6.92407e-24
Found TOV solution for rho_c = 0.000664054
       Mass     = 0.691677
       RestMass = 0.719536
       Radius   = 7.05239
       Circ Radius = 7.76102
       Surf Lapse  =  0.906508  0.906508  7.76102
Constructing an equilibrium solution with altered pressure
rho_c = 0.000690457, P_c = 4.45324e-05, eps_c = 0.000720705
finished odeint with kount = 1257, r = 7.85836, and P = 4.39742e-25
Found TOV solution for rho_c = 0.000690457
       Mass     = 0.757827
       RestMass = 0.792
       Radius   = 7.08026
       Circ Radius = 7.85836
       Surf Lapse  =  0.898403  0.898403  7.85836
Constructing an equilibrium solution with altered pressure
rho_c = 0.00071791, P_c = 5.10889e-05, eps_c = 0.000751212
finished odeint with kount = 1278, r = 7.95467, and P = 3.15931e-23
Found TOV solution for rho_c = 0.00071791
       Mass     = 0.828691
       RestMass = 0.870354
       Radius   = 7.1018
       Circ Radius = 7.95467
       Surf Lapse  =  0.889745  0.889745  7.95467
Constructing an equilibrium solution with altered pressure
rho_c = 0.000746455, P_c = 5.85605e-05, eps_c = 0.000783225
finished odeint with kount = 1295, r = 8.04831, and P = 8.23004e-24
Found TOV solution for rho_c = 0.000746455
       Mass     = 0.903603
       RestMass = 0.95402
       Radius   = 7.11602
       Circ Radius = 8.04831
       Surf Lapse  =  0.880599  0.880599  8.04831
Constructing an equilibrium solution with altered pressure
rho_c = 0.000776134, P_c = 6.70038e-05, eps_c = 0.000816949
finished odeint with kount = 1310, r = 8.13746, and P = 7.21095e-24
Found TOV solution for rho_c = 0.000776134
       Mass     = 0.981522
       RestMass = 1.04197
       Radius   = 7.12212
       Circ Radius = 8.13746
       Surf Lapse  =  0.871071  0.871071  8.13746
Constructing an equilibrium solution with altered pressure
rho_c = 0.000806994, P_c = 7.66734e-05, eps_c = 0.00085229
finished odeint with kount = 1324, r = 8.22244, and P = 9.35792e-24
Found TOV solution for rho_c = 0.000806994
       Mass     = 1.06317
       RestMass = 1.13517
       Radius   = 7.11958
       Circ Radius = 8.22244
       Surf Lapse  =  0.861044  0.861044  8.22244
Constructing an equilibrium solution with altered pressure
rho_c = 0.000839081, P_c = 8.77434e-05, eps_c = 0.000889337
finished odeint with kount = 1325, r = 8.30245, and P = 2.03177e-23
Found TOV solution for rho_c = 0.000839081
       Mass     = 1.14821
       RestMass = 1.23341
       Radius   = 7.10787
       Circ Radius = 8.30245
       Surf Lapse  =  0.850531  0.850531  8.30245
Constructing an equilibrium solution with altered pressure
rho_c = 0.000872443, P_c = 0.000100013, eps_c = 0.000928491
finished odeint with kount = 1323, r = 8.3744, and P = 5.5015e-23
Found TOV solution for rho_c = 0.000872443
       Mass     = 1.23339
       RestMass = 1.33303
       Radius   = 7.08735
       Circ Radius = 8.3744
       Surf Lapse  =  0.839904  0.839904  8.3744
Constructing an equilibrium solution with altered pressure
rho_c = 0.000907132, P_c = 0.00011388, eps_c = 0.000969706
finished odeint with kount = 1337, r = 8.43909, and P = 7.42385e-23
Found TOV solution for rho_c = 0.000907132
       Mass     = 1.31968
       RestMass = 1.43525
       Radius   = 7.05772
       Circ Radius = 8.43909
       Surf Lapse  =  0.829003  0.829003  8.43909
Constructing an equilibrium solution with altered pressure
rho_c = 0.000943201, P_c = 0.000129683, eps_c = 0.00101306
finished odeint with kount = 1354, r = 8.49656, and P = 2.85195e-23
Found TOV solution for rho_c = 0.000943201
       Mass     = 1.40731
       RestMass = 1.54046
       Radius   = 7.01871
       Circ Radius = 8.49656
       Surf Lapse  =  0.817762  0.817762  8.49656
Constructing an equilibrium solution with altered pressure
rho_c = 0.000980703, P_c = 0.000147436, eps_c = 0.00105876
finished odeint with kount = 1327, r = 8.54574, and P = 4.7991e-23
Found TOV solution for rho_c = 0.000980703
       Mass     = 1.49454
       RestMass = 1.64665
       Radius   = 6.97109
       Circ Radius = 8.54574
       Surf Lapse  =  0.806365  0.806365  8.54574
Constructing an equilibrium solution with altered pressure
rho_c = 0.0010197, P_c = 0.000166829, eps_c = 0.00110718
finished odeint with kount = 1361, r = 8.58521, and P = 9.86096e-24
Found TOV solution for rho_c = 0.0010197
       Mass     = 1.57826
       RestMass = 1.75
       Radius   = 6.91692
       Circ Radius = 8.58521
       Surf Lapse  =  0.795193  0.795193  8.58521
Constructing an equilibrium solution with altered pressure
rho_c = 0.00106024, P_c = 0.000188771, eps_c = 0.0011583
finished odeint with kount = 1382, r = 8.61637, and P = 1.95763e-23
Found TOV solution for rho_c = 0.00106024
       Mass     = 1.66094
       RestMass = 1.85352
       Radius   = 6.85482
       Circ Radius = 8.61637
       Surf Lapse  =  0.783881  0.783881  8.61637
Constructing an equilibrium solution with altered pressure
rho_c = 0.0011024, P_c = 0.000213606, eps_c = 0.00121227
finished odeint with kount = 1383, r = 8.63907, and P = 5.25666e-23
Found TOV solution for rho_c = 0.0011024
       Mass     = 1.74213
       RestMass = 1.95666
       Radius   = 6.78511
       Circ Radius = 8.63907
       Surf Lapse  =  0.772454  0.772454  8.63907
Constructing an equilibrium solution with altered pressure
rho_c = 0.00114623, P_c = 0.000240537, eps_c = 0.0012695
finished odeint with kount = 1369, r = 8.65276, and P = 1.93907e-22
Found TOV solution for rho_c = 0.00114623
       Mass     = 1.81808
       RestMass = 2.05455
       Radius   = 6.71155
       Circ Radius = 8.65276
       Surf Lapse  =  0.761425  0.761425  8.65276
Constructing an equilibrium solution with altered pressure
rho_c = 0.0011918, P_c = 0.000270297, eps_c = 0.00133015
finished odeint with kount = 1390, r = 8.65807, and P = 5.55105e-23
Found TOV solution for rho_c = 0.0011918
       Mass     = 1.88986
       RestMass = 2.1484
       Radius   = 6.63361
       Circ Radius = 8.65807
       Surf Lapse  =  0.75063  0.75063  8.65807
Constructing an equilibrium solution with altered pressure
rho_c = 0.00123919, P_c = 0.000303751, eps_c = 0.00139444
finished odeint with kount = 1383, r = 8.65528, and P = 1.91017e-23
Found TOV solution for rho_c = 0.00123919
       Mass     = 1.95846
       RestMass = 2.23939
       Radius   = 6.55043
       Circ Radius = 8.65528
       Surf Lapse  =  0.739901  0.739901  8.65528
Constructing an equilibrium solution with altered pressure
rho_c = 0.00128846, P_c = 0.000340912, eps_c = 0.00146267
finished odeint with kount = 1400, r = 8.6447, and P = 5.04361e-23
Found TOV solution for rho_c = 0.00128846
       Mass     = 2.02284
       RestMass = 2.32601
       Radius   = 6.46359
       Circ Radius = 8.6447
       Surf Lapse  =  0.729387  0.729387  8.6447
Constructing an equilibrium solution with altered pressure
rho_c = 0.00133969, P_c = 0.000380614, eps_c = 0.00153508
finished odeint with kount = 1384, r = 8.62741, and P = 1.46402e-22
Found TOV solution for rho_c = 0.00133969
       Mass     = 2.0805
       RestMass = 2.40469
       Radius   = 6.37722
       Circ Radius = 8.62741
       Surf Lapse  =  0.719513  0.719513  8.62741
Constructing an equilibrium solution with altered pressure
rho_c = 0.00139296, P_c = 0.000424844, eps_c = 0.00161215
finished odeint with kount = 1406, r = 8.60317, and P = 1.87171e-22
Found TOV solution for rho_c = 0.00139296
       Mass     = 2.13396
       RestMass = 2.47863
       Radius   = 6.28816
       Circ Radius = 8.60317
       Surf Lapse  =  0.709868  0.709868  8.60317
Constructing an equilibrium solution with altered pressure
rho_c = 0.00144834, P_c = 0.000474224, eps_c = 0.00169418
finished odeint with kount = 1402, r = 8.57217, and P = 1.00016e-22
Found TOV solution for rho_c = 0.00144834
       Mass     = 2.18321
       RestMass = 2.54767
       Radius   = 6.19666
       Circ Radius = 8.57217
       Surf Lapse  =  0.700449  0.700449  8.57217
Constructing an equilibrium solution with altered pressure
rho_c = 0.00150593, P_c = 0.000527364, eps_c = 0.00178139
finished odeint with kount = 1413, r = 8.53611, and P = 2.13522e-22
Found TOV solution for rho_c = 0.00150593
       Mass     = 2.22663
       RestMass = 2.60933
       Radius   = 6.10651
       Circ Radius = 8.53611
       Surf Lapse  =  0.691595  0.691595  8.53611
Constructing an equilibrium solution with altered pressure
rho_c = 0.00156581, P_c = 0.000585007, eps_c = 0.00187421
finished odeint with kount = 1405, r = 8.49532, and P = 1.09126e-22
Found TOV solution for rho_c = 0.00156581
       Mass     = 2.26479
       RestMass = 2.6642
       Radius   = 6.01743
       Circ Radius = 8.49532
       Surf Lapse  =  0.683239  0.683239  8.49532
Constructing an equilibrium solution with altered pressure
rho_c = 0.00162807, P_c = 0.000648958, eps_c = 0.00197333
finished odeint with kount = 1409, r = 8.44921, and P = 5.12567e-22
Found TOV solution for rho_c = 0.00162807
       Mass     = 2.2987
       RestMass = 2.71355
       Radius   = 5.92765
       Circ Radius = 8.44921
       Surf Lapse  =  0.675187  0.675187  8.44921
Constructing an equilibrium solution with altered pressure
rho_c = 0.0016928, P_c = 0.000719396, eps_c = 0.0020792
finished odeint with kount = 1407, r = 8.39847, and P = 5.7606e-22
Found TOV solution for rho_c = 0.0016928
       Mass     = 2.32823
       RestMass = 2.75702
       Radius   = 5.83813
       Circ Radius = 8.39847
       Surf Lapse  =  0.667503  0.667503  8.39847
Constructing an equilibrium solution with altered pressure
rho_c = 0.00176011, P_c = 0.00079404, eps_c = 0.00219158
finished odeint with kount = 1411, r = 8.34561, and P = 1.10506e-22
Found TOV solution for rho_c = 0.00176011
       Mass     = 2.35258
       RestMass = 2.79327
       Radius   = 5.7525
       Circ Radius = 8.34561
       Surf Lapse  =  0.660463  0.660463  8.34561
Constructing an equilibrium solution with altered pressure
rho_c = 0.00183009, P_c = 0.000876076, eps_c = 0.00231186
finished odeint with kount = 1436, r = 8.28908, and P = 5.32724e-23
Found TOV solution for rho_c = 0.00183009
       Mass     = 2.37297
       RestMass = 2.82395
       Radius   = 5.66772
       Circ Radius = 8.28908
       Surf Lapse  =  0.653793  0.653793  8.28908
Constructing an equilibrium solution with altered pressure
rho_c = 0.00190286, P_c = 0.000966589, eps_c = 0.00244071
finished odeint with kount = 1419, r = 8.22894, and P = 5.88211e-22
Found TOV solution for rho_c = 0.00190286
       Mass     = 2.38963
       RestMass = 2.84924
       Radius   = 5.58364
       Circ Radius = 8.22894
       Surf Lapse  =  0.647467  0.647467  8.22894
Constructing an equilibrium solution with altered pressure
rho_c = 0.00197852, P_c = 0.00106397, eps_c = 0.00257806
finished odeint with kount = 1415, r = 8.16707, and P = 4.13269e-22
Found TOV solution for rho_c = 0.00197852
       Mass     = 2.40239
       RestMass = 2.86882
       Radius   = 5.50245
       Circ Radius = 8.16707
       Surf Lapse  =  0.641629  0.641629  8.16707
Constructing an equilibrium solution with altered pressure
rho_c = 0.00205718, P_c = 0.00116849, eps_c = 0.00272449
finished odeint with kount = 1448, r = 8.10402, and P = 4.17188e-22
Found TOV solution for rho_c = 0.00205718
       Mass     = 2.41157
       RestMass = 2.88301
       Radius   = 5.42441
       Circ Radius = 8.10402
       Surf Lapse  =  0.636274  0.636274  8.10402
Constructing an equilibrium solution with altered pressure
rho_c = 0.00213898, P_c = 0.00128328, eps_c = 0.00288162
finished odeint with kount = 1442, r = 8.03857, and P = 9.95127e-22
Found TOV solution for rho_c = 0.00213898
       Mass     = 2.41762
       RestMass = 2.89244
       Radius   = 5.34771
       Circ Radius = 8.03857
       Surf Lapse  =  0.631265  0.631265  8.03857
Constructing an equilibrium solution with altered pressure
rho_c = 0.00222403, P_c = 0.00140893, eps_c = 0.0030504
finished odeint with kount = 1454, r = 7.97121, and P = 1.2714e-21
Found TOV solution for rho_c = 0.00222403
       Mass     = 2.42068
       RestMass = 2.89725
       Radius   = 5.2727
       Circ Radius = 7.97121
       Surf Lapse  =  0.626613  0.626613  7.97121
Constructing an equilibrium solution with altered pressure
rho_c = 0.00231245, P_c = 0.00154224, eps_c = 0.00322959
finished odeint with kount = 1463, r = 7.90431, and P = 4.42416e-23
Found TOV solution for rho_c = 0.00231245
       Mass     = 2.42096
       RestMass = 2.89768
       Radius   = 5.20167
       Circ Radius = 7.90431
       Surf Lapse  =  0.622442  0.622442  7.90431
Constructing an equilibrium solution with altered pressure
rho_c = 0.0024044, P_c = 0.00168737, eps_c = 0.00342194
finished odeint with kount = 1442, r = 7.83637, and P = 1.4108e-21
Found TOV solution for rho_c = 0.0024044
       Mass     = 2.41872
       RestMass = 2.89412
       Radius   = 5.1327
       Circ Radius = 7.83637
       Surf Lapse  =  0.618622  0.618622  7.83637
Constructing an equilibrium solution with altered pressure
rho_c = 0.0025, P_c = 0.00184616, eps_c = 0.00362886
finished odeint with kount = 1453, r = 7.76726, and P = 1.11818e-21
Found TOV solution for rho_c = 0.0025
       Mass     = 2.41413
       RestMass = 2.88676
       Radius   = 5.06549
       Circ Radius = 7.76726
       Surf Lapse  =  0.615127  0.615127  7.76726
