Constructing an equilibrium solution with altered pressure
rho_c = 0.00028, P_c = 2.91535e-06, eps_c = 0.000281719
finished odeint with kount = 2143, r = 12.2521, and P = 2.78558e-24
Found TOV solution for rho_c = 0.00028
       Mass     = 0.111867
       RestMass = 0.113007
       Radius   = 12.14
       Circ Radius = 12.2521
       Surf Lapse  =  0.990827  0.990827  12.2521
Constructing an equilibrium solution with altered pressure
rho_c = 0.000294273, P_c = 3.41219e-06, eps_c = 0.000296237
finished odeint with kount = 2056, r = 11.1711, and P = 4.03738e-25
Found TOV solution for rho_c = 0.000294273
       Mass     = 0.127478
       RestMass = 0.128942
       Radius   = 11.0432
       Circ Radius = 11.1711
       Surf Lapse  =  0.988523  0.988523  11.1711
Constructing an equilibrium solution with altered pressure
rho_c = 0.000309273, P_c = 3.9857e-06, eps_c = 0.000311526
finished odeint with kount = 1907, r = 10.4344, and P = 2.04769e-24
Found TOV solution for rho_c = 0.000309273
       Mass     = 0.144833
       RestMass = 0.146701
       Radius   = 10.2891
       Circ Radius = 10.4344
       Surf Lapse  =  0.986022  0.986022  10.4344
Constructing an equilibrium solution with altered pressure
rho_c = 0.000325037, P_c = 4.6463e-06, eps_c = 0.000327629
finished odeint with kount = 1874, r = 9.91589, and P = 4.46657e-25
Found TOV solution for rho_c = 0.000325037
       Mass     = 0.164
       RestMass = 0.166365
       Radius   = 9.7512
       Circ Radius = 9.91589
       Surf Lapse  =  0.983322  0.983322  9.91589
Constructing an equilibrium solution with altered pressure
rho_c = 0.000341605, P_c = 5.41571e-06, eps_c = 0.000344576
finished odeint with kount = 1811, r = 9.53487, and P = 8.74088e-25
Found TOV solution for rho_c = 0.000341605
       Mass     = 0.185376
       RestMass = 0.188358
       Radius   = 9.34858
       Circ Radius = 9.53487
       Surf Lapse  =  0.980365  0.980365  9.53487
Constructing an equilibrium solution with altered pressure
rho_c = 0.000359018, P_c = 6.29421e-06, eps_c = 0.000362448
finished odeint with kount = 1775, r = 9.25823, and P = 3.1015e-24
Found TOV solution for rho_c = 0.000359018
       Mass     = 0.208681
       RestMass = 0.212412
       Radius   = 9.04835
       Circ Radius = 9.25823
       Surf Lapse  =  0.9772  0.9772  9.25823
Constructing an equilibrium solution with altered pressure
rho_c = 0.000377318, P_c = 7.31207e-06, eps_c = 0.000381268
finished odeint with kount = 1736, r = 9.06026, and P = 1.18882e-24
Found TOV solution for rho_c = 0.000377318
       Mass     = 0.234382
       RestMass = 0.239028
       Radius   = 8.82432
       Circ Radius = 9.06026
       Surf Lapse  =  0.973787  0.973787  9.06026
Constructing an equilibrium solution with altered pressure
rho_c = 0.000396552, P_c = 8.44947e-06, eps_c = 0.000401103
finished odeint with kount = 1724, r = 8.92401, and P = 6.53222e-24
Found TOV solution for rho_c = 0.000396552
       Mass     = 0.261647
       RestMass = 0.267364
       Radius   = 8.66039
       Circ Radius = 8.92401
       Surf Lapse  =  0.970238  0.970238  8.92401
Constructing an equilibrium solution with altered pressure
rho_c = 0.000416765, P_c = 9.72977e-06, eps_c = 0.000422025
finished odeint with kount = 1693, r = 8.81335, and P = 8.24995e-24
Found TOV solution for rho_c = 0.000416765
       Mass     = 0.290559
       RestMass = 0.297527
       Radius   = 8.52032
       Circ Radius = 8.81335
       Surf Lapse  =  0.96647  0.96647  8.81335
Constructing an equilibrium solution with altered pressure
rho_c = 0.000438009, P_c = 1.12114e-05, eps_c = 0.000444059
finished odeint with kount = 1675, r = 8.73424, and P = 8.80968e-24
Found TOV solution for rho_c = 0.000438009
       Mass     = 0.322053
       RestMass = 0.330515
       Radius   = 8.4091
       Circ Radius = 8.73424
       Surf Lapse  =  0.962421  0.962421  8.73424
Constructing an equilibrium solution with altered pressure
rho_c = 0.000460336, P_c = 1.2892e-05, eps_c = 0.000467315
finished odeint with kount = 1643, r = 8.68504, and P = 5.30914e-25
Found TOV solution for rho_c = 0.000460336
       Mass     = 0.355628
       RestMass = 0.365834
       Radius   = 8.32561
       Circ Radius = 8.68504
       Surf Lapse  =  0.958178  0.958178  8.68504
Constructing an equilibrium solution with altered pressure
rho_c = 0.000483801, P_c = 1.48195e-05, eps_c = 0.00049184
finished odeint with kount = 1633, r = 8.65243, and P = 5.8424e-26
Found TOV solution for rho_c = 0.000483801
       Mass     = 0.391689
       RestMass = 0.403942
       Radius   = 8.2561
       Circ Radius = 8.65243
       Surf Lapse  =  0.953657  0.953657  8.65243
Constructing an equilibrium solution with altered pressure
rho_c = 0.000508462, P_c = 1.70317e-05, eps_c = 0.000517713
finished odeint with kount = 1625, r = 8.6298, and P = 2.21259e-25
Found TOV solution for rho_c = 0.000508462
       Mass     = 0.430399
       RestMass = 0.445051
       Radius   = 8.19375
       Circ Radius = 8.6298
       Surf Lapse  =  0.948817  0.948817  8.6298
Constructing an equilibrium solution with altered pressure
rho_c = 0.000534379, P_c = 1.95328e-05, eps_c = 0.000545055
finished odeint with kount = 1629, r = 8.61917, and P = 1.76594e-23
Found TOV solution for rho_c = 0.000534379
       Mass     = 0.471178
       RestMass = 0.488585
       Radius   = 8.14117
       Circ Radius = 8.61917
       Surf Lapse  =  0.943752  0.943752  8.61917
Constructing an equilibrium solution with altered pressure
rho_c = 0.000561619, P_c = 2.24143e-05, eps_c = 0.000573891
finished odeint with kount = 1613, r = 8.61635, and P = 7.99865e-24
Found TOV solution for rho_c = 0.000561619
       Mass     = 0.514844
       RestMass = 0.535458
       Radius   = 8.09332
       Circ Radius = 8.61635
       Surf Lapse  =  0.938348  0.938348  8.61635
Constructing an equilibrium solution with altered pressure
rho_c = 0.000590246, P_c = 2.56871e-05, eps_c = 0.000604373
finished odeint with kount = 1605, r = 8.61949, and P = 1.1707e-23
Found TOV solution for rho_c = 0.000590246
       Mass     = 0.560841
       RestMass = 0.585126
       Radius   = 8.04888
       Circ Radius = 8.61949
       Surf Lapse  =  0.932667  0.932667  8.61949
Constructing an equilibrium solution with altered pressure
rho_c = 0.000620333, P_c = 2.94147e-05, eps_c = 0.000636599
finished odeint with kount = 1566, r = 8.62643, and P = 3.25099e-24
Found TOV solution for rho_c = 0.000620333
       Mass     = 0.609189
       RestMass = 0.63766
       Radius   = 8.00565
       Circ Radius = 8.62643
       Surf Lapse  =  0.926694  0.926694  8.62643
Constructing an equilibrium solution with altered pressure
rho_c = 0.000651953, P_c = 3.36957e-05, eps_c = 0.000670629
finished odeint with kount = 1597, r = 8.63892, and P = 5.84829e-24
Found TOV solution for rho_c = 0.000651953
       Mass     = 0.660322
       RestMass = 0.69359
       Radius   = 7.96491
       Circ Radius = 8.63892
       Surf Lapse  =  0.920396  0.920396  8.63892
Constructing an equilibrium solution with altered pressure
rho_c = 0.000685185, P_c = 3.85254e-05, eps_c = 0.000706674
finished odeint with kount = 1590, r = 8.64592, and P = 2.01227e-23
Found TOV solution for rho_c = 0.000685185
       Mass     = 0.713238
       RestMass = 0.751876
       Radius   = 7.91661
       Circ Radius = 8.64592
       Surf Lapse  =  0.91379  0.91379  8.64592
Constructing an equilibrium solution with altered pressure
rho_c = 0.000720112, P_c = 4.40603e-05, eps_c = 0.0007448
finished odeint with kount = 1591, r = 8.65553, and P = 1.06032e-23
Found TOV solution for rho_c = 0.000720112
       Mass     = 0.768631
       RestMass = 0.813342
       Radius   = 7.86813
       Circ Radius = 8.65553
       Surf Lapse  =  0.90686  0.90686  8.65553
Constructing an equilibrium solution with altered pressure
rho_c = 0.000756818, P_c = 5.03617e-05, eps_c = 0.000785159
finished odeint with kount = 1580, r = 8.66675, and P = 2.34268e-23
Found TOV solution for rho_c = 0.000756818
       Mass     = 0.826068
       RestMass = 0.877576
       Radius   = 7.81886
       Circ Radius = 8.66675
       Surf Lapse  =  0.89965  0.89965  8.66675
Constructing an equilibrium solution with altered pressure
rho_c = 0.000795396, P_c = 5.7504e-05, eps_c = 0.000827948
finished odeint with kount = 1579, r = 8.67491, and P = 3.31585e-23
Found TOV solution for rho_c = 0.000795396
       Mass     = 0.885039
       RestMass = 0.944065
       Radius   = 7.76465
       Circ Radius = 8.67491
       Surf Lapse  =  0.892163  0.892163  8.67491
Constructing an equilibrium solution with altered pressure
rho_c = 0.000835939, P_c = 6.56918e-05, eps_c = 0.000873266
finished odeint with kount = 1572, r = 8.68075, and P = 5.77341e-24
Found TOV solution for rho_c = 0.000835939
       Mass     = 0.94605
       RestMass = 1.01345
       Radius   = 7.70566
       Circ Radius = 8.68075
       Surf Lapse  =  0.884327  0.884327  8.68075
Constructing an equilibrium solution with altered pressure
rho_c = 0.00087855, P_c = 7.49317e-05, eps_c = 0.000921378
finished odeint with kount = 1572, r = 8.68294, and P = 5.75972e-23
Found TOV solution for rho_c = 0.00087855
       Mass     = 1.00792
       RestMass = 1.08444
       Radius   = 7.64179
       Circ Radius = 8.68294
       Surf Lapse  =  0.876264  0.876264  8.68294
Constructing an equilibrium solution with altered pressure
rho_c = 0.000923333, P_c = 8.54783e-05, eps_c = 0.00097244
finished odeint with kount = 1591, r = 8.6807, and P = 1.34514e-23
Found TOV solution for rho_c = 0.000923333
       Mass     = 1.07103
       RestMass = 1.15754
       Radius   = 7.5718
       Circ Radius = 8.6807
       Surf Lapse  =  0.867894  0.867894  8.6807
Constructing an equilibrium solution with altered pressure
rho_c = 0.000970398, P_c = 9.75012e-05, eps_c = 0.00102664
finished odeint with kount = 1571, r = 8.675, and P = 2.31047e-24
Found TOV solution for rho_c = 0.000970398
       Mass     = 1.13505
       RestMass = 1.23243
       Radius   = 7.49698
       Circ Radius = 8.675
       Surf Lapse  =  0.859253  0.859253  8.675
Constructing an equilibrium solution with altered pressure
rho_c = 0.00101986, P_c = 0.000111077, eps_c = 0.00108432
finished odeint with kount = 1553, r = 8.66852, and P = 8.47945e-23
Found TOV solution for rho_c = 0.00101986
       Mass     = 1.19901
       RestMass = 1.308
       Radius   = 7.42109
       Circ Radius = 8.66852
       Surf Lapse  =  0.850509  0.850509  8.66852
Constructing an equilibrium solution with altered pressure
rho_c = 0.00107185, P_c = 0.000126608, eps_c = 0.00114563
finished odeint with kount = 1579, r = 8.64936, and P = 9.39934e-23
Found TOV solution for rho_c = 0.00107185
       Mass     = 1.26339
       RestMass = 1.38488
       Radius   = 7.33154
       Circ Radius = 8.64936
       Surf Lapse  =  0.841347  0.841347  8.64936
Constructing an equilibrium solution with altered pressure
rho_c = 0.00112648, P_c = 0.000144167, eps_c = 0.00121091
finished odeint with kount = 1607, r = 8.6284, and P = 6.59348e-23
Found TOV solution for rho_c = 0.00112648
       Mass     = 1.32712
       RestMass = 1.46181
       Radius   = 7.24046
       Circ Radius = 8.6284
       Surf Lapse  =  0.832095  0.832095  8.6284
Constructing an equilibrium solution with altered pressure
rho_c = 0.0011839, P_c = 0.000164133, eps_c = 0.00128053
finished odeint with kount = 1569, r = 8.60166, and P = 7.55902e-23
Found TOV solution for rho_c = 0.0011839
       Mass     = 1.39012
       RestMass = 1.53872
       Radius   = 7.14391
       Circ Radius = 8.60166
       Surf Lapse  =  0.822665  0.822665  8.60166
Constructing an equilibrium solution with altered pressure
rho_c = 0.00124425, P_c = 0.0001869, eps_c = 0.00135469
finished odeint with kount = 1568, r = 8.57044, and P = 8.09877e-23
Found TOV solution for rho_c = 0.00124425
       Mass     = 1.45222
       RestMass = 1.61541
       Radius   = 7.04336
       Circ Radius = 8.57044
       Surf Lapse  =  0.813086  0.813086  8.57044
Constructing an equilibrium solution with altered pressure
rho_c = 0.00130768, P_c = 0.000212567, eps_c = 0.00143397
finished odeint with kount = 1560, r = 8.53304, and P = 5.50245e-23
Found TOV solution for rho_c = 0.00130768
       Mass     = 1.51234
       RestMass = 1.69053
       Radius   = 6.93829
       Circ Radius = 8.53304
       Surf Lapse  =  0.803451  0.803451  8.53304
Constructing an equilibrium solution with altered pressure
rho_c = 0.00137433, P_c = 0.000241853, eps_c = 0.00151862
finished odeint with kount = 1564, r = 8.48963, and P = 1.00053e-22
Found TOV solution for rho_c = 0.00137433
       Mass     = 1.57081
       RestMass = 1.76448
       Radius   = 6.82849
       Circ Radius = 8.48963
       Surf Lapse  =  0.793692  0.793692  8.48963
Constructing an equilibrium solution with altered pressure
rho_c = 0.00144439, P_c = 0.000275045, eps_c = 0.0016092
finished odeint with kount = 1541, r = 8.44055, and P = 4.03019e-23
Found TOV solution for rho_c = 0.00144439
       Mass     = 1.62692
       RestMass = 1.83632
       Radius   = 6.71509
       Circ Radius = 8.44055
       Surf Lapse  =  0.7839  0.7839  8.44055
Constructing an equilibrium solution with altered pressure
rho_c = 0.00151801, P_c = 0.000312629, eps_c = 0.00170621
finished odeint with kount = 1576, r = 8.38725, and P = 3.68889e-23
Found TOV solution for rho_c = 0.00151801
       Mass     = 1.68023
       RestMass = 1.90544
       Radius   = 6.60008
       Circ Radius = 8.38725
       Surf Lapse  =  0.774168  0.774168  8.38725
Constructing an equilibrium solution with altered pressure
rho_c = 0.00159539, P_c = 0.000355494, eps_c = 0.00181016
finished odeint with kount = 1586, r = 8.32828, and P = 1.95357e-22
Found TOV solution for rho_c = 0.00159539
       Mass     = 1.73085
       RestMass = 1.97189
       Radius   = 6.48188
       Circ Radius = 8.32828
       Surf Lapse  =  0.764424  0.764424  8.32828
Constructing an equilibrium solution with altered pressure
rho_c = 0.00167671, P_c = 0.000403807, eps_c = 0.00192181
finished odeint with kount = 1541, r = 8.26099, and P = 2.92953e-22
Found TOV solution for rho_c = 0.00167671
       Mass     = 1.77792
       RestMass = 2.03447
       Radius   = 6.3588
       Circ Radius = 8.26099
       Surf Lapse  =  0.754694  0.754694  8.26099
Constructing an equilibrium solution with altered pressure
rho_c = 0.00176218, P_c = 0.00045879, eps_c = 0.00204174
finished odeint with kount = 1550, r = 8.19259, and P = 4.4654e-22
Found TOV solution for rho_c = 0.00176218
       Mass     = 1.82163
       RestMass = 2.09333
       Radius   = 6.23797
       Circ Radius = 8.19259
       Surf Lapse  =  0.745183  0.745183  8.19259
Constructing an equilibrium solution with altered pressure
rho_c = 0.001852, P_c = 0.000521184, eps_c = 0.00217073
finished odeint with kount = 1554, r = 8.1161, and P = 3.15068e-22
Found TOV solution for rho_c = 0.001852
       Mass     = 1.86168
       RestMass = 2.14796
       Radius   = 6.11267
       Circ Radius = 8.1161
       Surf Lapse  =  0.735688  0.735688  8.1161
Constructing an equilibrium solution with altered pressure
rho_c = 0.00194641, P_c = 0.000591676, eps_c = 0.0023098
finished odeint with kount = 1547, r = 8.037, and P = 2.47683e-22
Found TOV solution for rho_c = 0.00194641
       Mass     = 1.89773
       RestMass = 2.19776
       Radius   = 5.98893
       Circ Radius = 8.037
       Surf Lapse  =  0.726464  0.726464  8.037
Constructing an equilibrium solution with altered pressure
rho_c = 0.00204562, P_c = 0.000671934, eps_c = 0.00245963
finished odeint with kount = 1538, r = 7.95332, and P = 5.2067e-23
Found TOV solution for rho_c = 0.00204562
       Mass     = 1.92995
       RestMass = 2.24281
       Radius   = 5.86458
       Circ Radius = 7.95332
       Surf Lapse  =  0.717412  0.717412  7.95332
Constructing an equilibrium solution with altered pressure
rho_c = 0.00214989, P_c = 0.000762547, eps_c = 0.0026216
finished odeint with kount = 1548, r = 7.86596, and P = 2.86611e-22
Found TOV solution for rho_c = 0.00214989
       Mass     = 1.95802
       RestMass = 2.28255
       Radius   = 5.74099
       Circ Radius = 7.86596
       Surf Lapse  =  0.708628  0.708628  7.86596
Constructing an equilibrium solution with altered pressure
rho_c = 0.00225948, P_c = 0.00086534, eps_c = 0.00279669
finished odeint with kount = 1552, r = 7.77656, and P = 6.72394e-22
Found TOV solution for rho_c = 0.00225948
       Mass     = 1.98203
       RestMass = 2.31696
       Radius   = 5.61977
       Circ Radius = 7.77656
       Surf Lapse  =  0.700183  0.700183  7.77656
Constructing an equilibrium solution with altered pressure
rho_c = 0.00237465, P_c = 0.000982119, eps_c = 0.00298624
finished odeint with kount = 1543, r = 7.68219, and P = 3.02533e-22
Found TOV solution for rho_c = 0.00237465
       Mass     = 2.00204
       RestMass = 2.34598
       Radius   = 5.49789
       Circ Radius = 7.68219
       Surf Lapse  =  0.691943  0.691943  7.68219
Constructing an equilibrium solution with altered pressure
rho_c = 0.0024957, P_c = 0.00111376, eps_c = 0.00319184
finished odeint with kount = 1560, r = 7.58667, and P = 1.66357e-22
Found TOV solution for rho_c = 0.0024957
       Mass     = 2.01795
       RestMass = 2.36933
       Radius   = 5.37947
       Circ Radius = 7.58667
       Surf Lapse  =  0.684124  0.684124  7.58667
Constructing an equilibrium solution with altered pressure
rho_c = 0.00262291, P_c = 0.00126349, eps_c = 0.00341513
finished odeint with kount = 1551, r = 7.4888, and P = 9.44824e-22
Found TOV solution for rho_c = 0.00262291
       Mass     = 2.03001
       RestMass = 2.38721
       Radius   = 5.26304
       Circ Radius = 7.4888
       Surf Lapse  =  0.676649  0.676649  7.4888
Constructing an equilibrium solution with altered pressure
rho_c = 0.00275661, P_c = 0.00143268, eps_c = 0.00365779
finished odeint with kount = 1551, r = 7.38878, and P = 8.79918e-22
Found TOV solution for rho_c = 0.00275661
       Mass     = 2.03827
       RestMass = 2.39958
       Radius   = 5.14879
       Circ Radius = 7.38878
       Surf Lapse  =  0.669537  0.669537  7.38878
Constructing an equilibrium solution with altered pressure
rho_c = 0.00289712, P_c = 0.00162422, eps_c = 0.00392214
finished odeint with kount = 1552, r = 7.28904, and P = 2.00077e-22
Found TOV solution for rho_c = 0.00289712
       Mass     = 2.04288
       RestMass = 2.40655
       Radius   = 5.03911
       Circ Radius = 7.28904
       Surf Lapse  =  0.662922  0.662922  7.28904
Constructing an equilibrium solution with altered pressure
rho_c = 0.0030448, P_c = 0.00184168, eps_c = 0.00421024
finished odeint with kount = 1557, r = 7.18762, and P = 1.08005e-21
Found TOV solution for rho_c = 0.0030448
       Mass     = 2.04404
       RestMass = 2.4083
       Radius   = 4.93179
       Circ Radius = 7.18762
       Surf Lapse  =  0.656684  0.656684  7.18762
Constructing an equilibrium solution with altered pressure
rho_c = 0.0032, P_c = 0.00208682, eps_c = 0.00452495
finished odeint with kount = 1576, r = 7.08619, and P = 1.92838e-21
Found TOV solution for rho_c = 0.0032
       Mass     = 2.04194
       RestMass = 2.40504
       Radius   = 4.82836
       Circ Radius = 7.08619
       Surf Lapse  =  0.650911  0.650911  7.08619
