Constructing an equilibrium solution with altered pressure
rho_c = 0.00052, P_c = 8.65814e-06, eps_c = 0.000532746
finished odeint with kount = 1237, r = 6.24021, and P = 3.29742e-24
Found TOV solution for rho_c = 0.00052
       Mass     = 0.155431
       RestMass = 0.155621
       Radius   = 6.08378
       Circ Radius = 6.24021
       Surf Lapse  =  0.974774  0.974774  6.24021
Constructing an equilibrium solution with altered pressure
rho_c = 0.000539984, P_c = 1.02609e-05, eps_c = 0.00055357
finished odeint with kount = 1231, r = 6.22166, and P = 3.63492e-24
Found TOV solution for rho_c = 0.000539984
       Mass     = 0.178095
       RestMass = 0.17868
       Radius   = 6.04226
       Circ Radius = 6.22166
       Surf Lapse  =  0.970953  0.970953  6.22166
Constructing an equilibrium solution with altered pressure
rho_c = 0.000560737, P_c = 1.21419e-05, eps_c = 0.000575234
finished odeint with kount = 1257, r = 6.23724, and P = 2.43858e-24
Found TOV solution for rho_c = 0.000560737
       Mass     = 0.205025
       RestMass = 0.206196
       Radius   = 6.03048
       Circ Radius = 6.23724
       Surf Lapse  =  0.96657  0.96657  6.23724
Constructing an equilibrium solution with altered pressure
rho_c = 0.000582286, P_c = 1.41853e-05, eps_c = 0.000597907
finished odeint with kount = 1240, r = 6.2772, and P = 1.06951e-23
Found TOV solution for rho_c = 0.000582286
       Mass     = 0.234075
       RestMass = 0.236017
       Radius   = 6.04086
       Circ Radius = 6.2772
       Surf Lapse  =  0.961988  0.961988  6.2772
Constructing an equilibrium solution with altered pressure
rho_c = 0.000604664, P_c = 1.65718e-05, eps_c = 0.000621493
finished odeint with kount = 1234, r = 6.33719, and P = 7.33047e-24
Found TOV solution for rho_c = 0.000604664
       Mass     = 0.267344
       RestMass = 0.270339
       Radius   = 6.0669
       Circ Radius = 6.33719
       Surf Lapse  =  0.956884  0.956884  6.33719
Constructing an equilibrium solution with altered pressure
rho_c = 0.000627902, P_c = 1.93588e-05, eps_c = 0.00064603
finished odeint with kount = 1223, r = 6.41376, and P = 9.05943e-26
Found TOV solution for rho_c = 0.000627902
       Mass     = 0.305216
       RestMass = 0.30963
       Radius   = 6.10473
       Circ Radius = 6.41376
       Surf Lapse  =  0.951223  0.951223  6.41376
Constructing an equilibrium solution with altered pressure
rho_c = 0.000652034, P_c = 2.2488e-05, eps_c = 0.000671655
finished odeint with kount = 1278, r = 6.50047, and P = 9.72939e-24
Found TOV solution for rho_c = 0.000652034
       Mass     = 0.346402
       RestMass = 0.352623
       Radius   = 6.14919
       Circ Radius = 6.50047
       Surf Lapse  =  0.94521  0.94521  6.50047
Constructing an equilibrium solution with altered pressure
rho_c = 0.000677092, P_c = 2.59349e-05, eps_c = 0.000698455
finished odeint with kount = 1263, r = 6.59153, and P = 3.03308e-24
Found TOV solution for rho_c = 0.000677092
       Mass     = 0.389833
       RestMass = 0.398253
       Radius   = 6.19556
       Circ Radius = 6.59153
       Surf Lapse  =  0.938998  0.938998  6.59153
Constructing an equilibrium solution with altered pressure
rho_c = 0.000703114, P_c = 2.9908e-05, eps_c = 0.00072637
finished odeint with kount = 1251, r = 6.6886, and P = 1.80744e-23
Found TOV solution for rho_c = 0.000703114
       Mass     = 0.437539
       RestMass = 0.448719
       Radius   = 6.24339
       Circ Radius = 6.6886
       Surf Lapse  =  0.932292  0.932292  6.6886
Constructing an equilibrium solution with altered pressure
rho_c = 0.000730135, P_c = 3.44848e-05, eps_c = 0.000755454
finished odeint with kount = 1262, r = 6.79002, and P = 1.00954e-24
Found TOV solution for rho_c = 0.000730135
       Mass     = 0.489719
       RestMass = 0.504332
       Radius   = 6.29077
       Circ Radius = 6.79002
       Surf Lapse  =  0.925069  0.925069  6.79002
Constructing an equilibrium solution with altered pressure
rho_c = 0.000758195, P_c = 3.94675e-05, eps_c = 0.00078595
finished odeint with kount = 1305, r = 6.88862, and P = 6.28851e-25
Found TOV solution for rho_c = 0.000758195
       Mass     = 0.543362
       RestMass = 0.561957
       Radius   = 6.3336
       Circ Radius = 6.88862
       Surf Lapse  =  0.917738  0.917738  6.88862
Constructing an equilibrium solution with altered pressure
rho_c = 0.000787334, P_c = 4.50617e-05, eps_c = 0.00081782
finished odeint with kount = 1317, r = 6.98573, and P = 9.95724e-25
Found TOV solution for rho_c = 0.000787334
       Mass     = 0.599755
       RestMass = 0.62303
       Radius   = 6.37186
       Circ Radius = 6.98573
       Surf Lapse  =  0.910105  0.910105  6.98573
Constructing an equilibrium solution with altered pressure
rho_c = 0.000817592, P_c = 5.14477e-05, eps_c = 0.000851077
finished odeint with kount = 1289, r = 7.08205, and P = 2.7718e-23
Found TOV solution for rho_c = 0.000817592
       Mass     = 0.659856
       RestMass = 0.688682
       Radius   = 6.4052
       Circ Radius = 7.08205
       Surf Lapse  =  0.902028  0.902028  7.08205
Constructing an equilibrium solution with altered pressure
rho_c = 0.000849013, P_c = 5.86698e-05, eps_c = 0.000885825
finished odeint with kount = 1308, r = 7.17589, and P = 4.34378e-23
Found TOV solution for rho_c = 0.000849013
       Mass     = 0.72309
       RestMass = 0.758393
       Radius   = 6.43248
       Circ Radius = 7.17589
       Surf Lapse  =  0.89357  0.89357  7.17589
Constructing an equilibrium solution with altered pressure
rho_c = 0.000881642, P_c = 6.65215e-05, eps_c = 0.00092234
finished odeint with kount = 1323, r = 7.26286, and P = 2.502e-23
Found TOV solution for rho_c = 0.000881642
       Mass     = 0.786632
       RestMass = 0.829112
       Radius   = 6.45226
       Circ Radius = 7.26286
       Surf Lapse  =  0.885089  0.885089  7.26286
Constructing an equilibrium solution with altered pressure
rho_c = 0.000915524, P_c = 7.53976e-05, eps_c = 0.000960548
finished odeint with kount = 1325, r = 7.34579, and P = 2.86679e-23
Found TOV solution for rho_c = 0.000915524
       Mass     = 0.85267
       RestMass = 0.903329
       Radius   = 6.46501
       Circ Radius = 7.34579
       Surf Lapse  =  0.876269  0.876269  7.34579
Constructing an equilibrium solution with altered pressure
rho_c = 0.000950709, P_c = 8.54572e-05, eps_c = 0.0010005
finished odeint with kount = 1346, r = 7.42435, and P = 7.21103e-23
Found TOV solution for rho_c = 0.000950709
       Mass     = 0.921231
       RestMass = 0.981175
       Radius   = 6.47033
       Circ Radius = 7.42435
       Surf Lapse  =  0.867084  0.867084  7.42435
Constructing an equilibrium solution with altered pressure
rho_c = 0.000987246, P_c = 9.66214e-05, eps_c = 0.00104242
finished odeint with kount = 1343, r = 7.49661, and P = 2.00447e-23
Found TOV solution for rho_c = 0.000987246
       Mass     = 0.990671
       RestMass = 1.06087
       Radius   = 6.46801
       Circ Radius = 7.49661
       Surf Lapse  =  0.857731  0.857731  7.49661
Constructing an equilibrium solution with altered pressure
rho_c = 0.00102519, P_c = 0.0001089, eps_c = 0.0010865
finished odeint with kount = 1334, r = 7.56156, and P = 4.53349e-23
Found TOV solution for rho_c = 0.00102519
       Mass     = 1.05987
       RestMass = 1.14115
       Radius   = 6.45821
       Circ Radius = 7.56156
       Surf Lapse  =  0.848334  0.848334  7.56156
Constructing an equilibrium solution with altered pressure
rho_c = 0.00106459, P_c = 0.000122746, eps_c = 0.0011327
finished odeint with kount = 1348, r = 7.62062, and P = 3.98599e-23
Found TOV solution for rho_c = 0.00106459
       Mass     = 1.13028
       RestMass = 1.22377
       Radius   = 6.44075
       Circ Radius = 7.62062
       Surf Lapse  =  0.838667  0.838667  7.62062
Constructing an equilibrium solution with altered pressure
rho_c = 0.0011055, P_c = 0.000138349, eps_c = 0.00118115
finished odeint with kount = 1338, r = 7.67348, and P = 2.2181e-24
Found TOV solution for rho_c = 0.0011055
       Mass     = 1.20159
       RestMass = 1.30843
       Radius   = 6.41563
       Circ Radius = 7.67348
       Surf Lapse  =  0.828746  0.828746  7.67348
Constructing an equilibrium solution with altered pressure
rho_c = 0.00114799, P_c = 0.000155369, eps_c = 0.00123223
finished odeint with kount = 1355, r = 7.71848, and P = 1.39511e-23
Found TOV solution for rho_c = 0.00114799
       Mass     = 1.27117
       RestMass = 1.39202
       Radius   = 6.38403
       Circ Radius = 7.71848
       Surf Lapse  =  0.818912  0.818912  7.71848
Constructing an equilibrium solution with altered pressure
rho_c = 0.0011921, P_c = 0.000174276, eps_c = 0.00128596
finished odeint with kount = 1357, r = 7.75639, and P = 1.07759e-22
Found TOV solution for rho_c = 0.0011921
       Mass     = 1.33984
       RestMass = 1.47552
       Radius   = 6.34582
       Circ Radius = 7.75639
       Surf Lapse  =  0.809023  0.809023  7.75639
Constructing an equilibrium solution with altered pressure
rho_c = 0.00123792, P_c = 0.000195506, eps_c = 0.00134247
finished odeint with kount = 1369, r = 7.78758, and P = 7.50674e-24
Found TOV solution for rho_c = 0.00123792
       Mass     = 1.40808
       RestMass = 1.55951
       Radius   = 6.30084
       Circ Radius = 7.78758
       Surf Lapse  =  0.798987  0.798987  7.78758
Constructing an equilibrium solution with altered pressure
rho_c = 0.00128549, P_c = 0.00021917, eps_c = 0.00140196
finished odeint with kount = 1381, r = 7.81182, and P = 4.21678e-24
Found TOV solution for rho_c = 0.00128549
       Mass     = 1.47507
       RestMass = 1.64303
       Radius   = 6.24971
       Circ Radius = 7.81182
       Surf Lapse  =  0.788891  0.788891  7.81182
Constructing an equilibrium solution with altered pressure
rho_c = 0.0013349, P_c = 0.000244695, eps_c = 0.00146476
finished odeint with kount = 1349, r = 7.82859, and P = 1.67833e-22
Found TOV solution for rho_c = 0.0013349
       Mass     = 1.53834
       RestMass = 1.7229
       Radius   = 6.19475
       Circ Radius = 7.82859
       Surf Lapse  =  0.779098  0.779098  7.82859
Constructing an equilibrium solution with altered pressure
rho_c = 0.0013862, P_c = 0.000273153, eps_c = 0.00153102
finished odeint with kount = 1381, r = 7.83869, and P = 8.0748e-24
Found TOV solution for rho_c = 0.0013862
       Mass     = 1.59977
       RestMass = 1.80142
       Radius   = 6.13463
       Circ Radius = 7.83869
       Surf Lapse  =  0.769304  0.769304  7.83869
Constructing an equilibrium solution with altered pressure
rho_c = 0.00143947, P_c = 0.000304964, eps_c = 0.00160097
finished odeint with kount = 1376, r = 7.84217, and P = 9.68799e-24
Found TOV solution for rho_c = 0.00143947
       Mass     = 1.65924
       RestMass = 1.87843
       Radius   = 6.06953
       Circ Radius = 7.84217
       Surf Lapse  =  0.7595  0.7595  7.84217
Constructing an equilibrium solution with altered pressure
rho_c = 0.00149479, P_c = 0.000339669, eps_c = 0.00167483
finished odeint with kount = 1379, r = 7.83925, and P = 3.74629e-24
Found TOV solution for rho_c = 0.00149479
       Mass     = 1.7152
       RestMass = 1.9518
       Radius   = 6.0015
       Circ Radius = 7.83925
       Surf Lapse  =  0.749938  0.749938  7.83925
Constructing an equilibrium solution with altered pressure
rho_c = 0.00155224, P_c = 0.000377102, eps_c = 0.00175294
finished odeint with kount = 1384, r = 7.8304, and P = 1.77822e-22
Found TOV solution for rho_c = 0.00155224
       Mass     = 1.76686
       RestMass = 2.0204
       Radius   = 5.93197
       Circ Radius = 7.8304
       Surf Lapse  =  0.740754  0.740754  7.8304
Constructing an equilibrium solution with altered pressure
rho_c = 0.00161189, P_c = 0.000418711, eps_c = 0.00183561
finished odeint with kount = 1400, r = 7.81564, and P = 8.56196e-23
Found TOV solution for rho_c = 0.00161189
       Mass     = 1.81575
       RestMass = 2.08613
       Radius   = 5.85921
       Circ Radius = 7.81564
       Surf Lapse  =  0.731679  0.731679  7.81564
Constructing an equilibrium solution with altered pressure
rho_c = 0.00167384, P_c = 0.000464965, eps_c = 0.00192318
finished odeint with kount = 1394, r = 7.79511, and P = 1.65197e-22
Found TOV solution for rho_c = 0.00167384
       Mass     = 1.86173
       RestMass = 2.1487
       Radius   = 5.78355
       Circ Radius = 7.79511
       Surf Lapse  =  0.722726  0.722726  7.79511
Constructing an equilibrium solution with altered pressure
rho_c = 0.00173817, P_c = 0.00051392, eps_c = 0.0020158
finished odeint with kount = 1395, r = 7.7703, and P = 1.45396e-22
Found TOV solution for rho_c = 0.00173817
       Mass     = 1.90267
       RestMass = 2.20509
       Radius   = 5.7091
       Circ Radius = 7.7703
       Surf Lapse  =  0.714332  0.714332  7.7703
Constructing an equilibrium solution with altered pressure
rho_c = 0.00180497, P_c = 0.000567209, eps_c = 0.00211398
finished odeint with kount = 1386, r = 7.741, and P = 2.75523e-22
Found TOV solution for rho_c = 0.00180497
       Mass     = 1.93985
       RestMass = 2.25689
       Radius   = 5.63417
       Circ Radius = 7.741
       Surf Lapse  =  0.706265  0.706265  7.741
Constructing an equilibrium solution with altered pressure
rho_c = 0.00187434, P_c = 0.000626069, eps_c = 0.00221821
finished odeint with kount = 1406, r = 7.70697, and P = 2.30525e-23
Found TOV solution for rho_c = 0.00187434
       Mass     = 1.97384
       RestMass = 2.30479
       Radius   = 5.55787
       Circ Radius = 7.70697
       Surf Lapse  =  0.69841  0.69841  7.70697
Constructing an equilibrium solution with altered pressure
rho_c = 0.00194637, P_c = 0.0006907, eps_c = 0.00232896
finished odeint with kount = 1423, r = 7.66866, and P = 1.11722e-22
Found TOV solution for rho_c = 0.00194637
       Mass     = 2.00447
       RestMass = 2.34842
       Radius   = 5.48093
       Circ Radius = 7.66866
       Surf Lapse  =  0.69082  0.69082  7.66866
Constructing an equilibrium solution with altered pressure
rho_c = 0.00202117, P_c = 0.000757617, eps_c = 0.00244591
finished odeint with kount = 1410, r = 7.62881, and P = 2.73787e-22
Found TOV solution for rho_c = 0.00202117
       Mass     = 2.03023
       RestMass = 2.38551
       Radius   = 5.40804
       Circ Radius = 7.62881
       Surf Lapse  =  0.68392  0.68392  7.62881
Constructing an equilibrium solution with altered pressure
rho_c = 0.00209885, P_c = 0.000831069, eps_c = 0.00257034
finished odeint with kount = 1427, r = 7.58539, and P = 1.13658e-22
Found TOV solution for rho_c = 0.00209885
       Mass     = 2.05294
       RestMass = 2.41852
       Radius   = 5.33496
       Circ Radius = 7.58539
       Surf Lapse  =  0.677284  0.677284  7.58539
Constructing an equilibrium solution with altered pressure
rho_c = 0.00217951, P_c = 0.0009117, eps_c = 0.00270294
finished odeint with kount = 1419, r = 7.53856, and P = 1.41949e-23
Found TOV solution for rho_c = 0.00217951
       Mass     = 2.07262
       RestMass = 2.44742
       Radius   = 5.26184
       Circ Radius = 7.53856
       Surf Lapse  =  0.670916  0.670916  7.53856
Constructing an equilibrium solution with altered pressure
rho_c = 0.00226327, P_c = 0.000997651, eps_c = 0.00284357
finished odeint with kount = 1422, r = 7.48999, and P = 6.55626e-22
Found TOV solution for rho_c = 0.00226327
       Mass     = 2.08891
       RestMass = 2.47156
       Radius   = 5.19092
       Circ Radius = 7.48999
       Surf Lapse  =  0.66499  0.66499  7.48999
Constructing an equilibrium solution with altered pressure
rho_c = 0.00235025, P_c = 0.00108791, eps_c = 0.00299238
finished odeint with kount = 1458, r = 7.44075, and P = 1.13645e-22
Found TOV solution for rho_c = 0.00235025
       Mass     = 2.10186
       RestMass = 2.49091
       Radius   = 5.12332
       Circ Radius = 7.44075
       Surf Lapse  =  0.659576  0.659576  7.44075
Constructing an equilibrium solution with altered pressure
rho_c = 0.00244057, P_c = 0.00118637, eps_c = 0.00315116
finished odeint with kount = 1429, r = 7.38915, and P = 1.09615e-23
Found TOV solution for rho_c = 0.00244057
       Mass     = 2.11218
       RestMass = 2.50645
       Radius   = 5.05639
       Circ Radius = 7.38915
       Surf Lapse  =  0.654447  0.654447  7.38915
Constructing an equilibrium solution with altered pressure
rho_c = 0.00253437, P_c = 0.00129377, eps_c = 0.00332067
finished odeint with kount = 1428, r = 7.33535, and P = 5.36965e-22
Found TOV solution for rho_c = 0.00253437
       Mass     = 2.11997
       RestMass = 2.51826
       Radius   = 4.99023
       Circ Radius = 7.33535
       Surf Lapse  =  0.649604  0.649604  7.33535
Constructing an equilibrium solution with altered pressure
rho_c = 0.00263177, P_c = 0.00140516, eps_c = 0.0034995
finished odeint with kount = 1448, r = 7.28228, and P = 8.84949e-22
Found TOV solution for rho_c = 0.00263177
       Mass     = 2.1251
       RestMass = 2.5261
       Radius   = 4.92809
       Circ Radius = 7.28228
       Surf Lapse  =  0.645264  0.645264  7.28228
Constructing an equilibrium solution with altered pressure
rho_c = 0.00273291, P_c = 0.00152411, eps_c = 0.00368977
finished odeint with kount = 1472, r = 7.22858, and P = 8.28705e-23
Found TOV solution for rho_c = 0.00273291
       Mass     = 2.12798
       RestMass = 2.53052
       Radius   = 4.86805
       Circ Radius = 7.22858
       Surf Lapse  =  0.641274  0.641274  7.22858
Constructing an equilibrium solution with altered pressure
rho_c = 0.00283794, P_c = 0.00165316, eps_c = 0.00389303
finished odeint with kount = 1480, r = 7.17351, and P = 5.99623e-23
Found TOV solution for rho_c = 0.00283794
       Mass     = 2.12879
       RestMass = 2.53178
       Radius   = 4.80915
       Circ Radius = 7.17351
       Surf Lapse  =  0.637563  0.637563  7.17351
Constructing an equilibrium solution with altered pressure
rho_c = 0.002947, P_c = 0.00179227, eps_c = 0.00410991
finished odeint with kount = 1457, r = 7.11757, and P = 1.98762e-22
Found TOV solution for rho_c = 0.002947
       Mass     = 2.12765
       RestMass = 2.53
       Radius   = 4.75175
       Circ Radius = 7.11757
       Surf Lapse  =  0.634147  0.634147  7.11757
Constructing an equilibrium solution with altered pressure
rho_c = 0.00306026, P_c = 0.00193505, eps_c = 0.00433809
finished odeint with kount = 1463, r = 7.06363, and P = 7.87994e-22
Found TOV solution for rho_c = 0.00306026
       Mass     = 2.12485
       RestMass = 2.52562
       Radius   = 4.69854
       Circ Radius = 7.06363
       Surf Lapse  =  0.631164  0.631164  7.06363
Constructing an equilibrium solution with altered pressure
rho_c = 0.00317787, P_c = 0.00208901, eps_c = 0.00458182
finished odeint with kount = 1488, r = 7.00906, and P = 8.30903e-24
Found TOV solution for rho_c = 0.00317787
       Mass     = 2.12045
       RestMass = 2.5187
       Radius   = 4.64671
       Circ Radius = 7.00906
       Surf Lapse  =  0.628444  0.628444  7.00906
Constructing an equilibrium solution with altered pressure
rho_c = 0.0033, P_c = 0.00225523, eps_c = 0.00484238
finished odeint with kount = 1486, r = 6.95391, and P = 3.19623e-22
Found TOV solution for rho_c = 0.0033
       Mass     = 2.11452
       RestMass = 2.50934
       Radius   = 4.5962
       Circ Radius = 6.95391
       Surf Lapse  =  0.625978  0.625978  6.95391
