rho_c = 0.00024, P_c = 2.08115e-06, eps_c = 0.000242727
finished odeint with kount = 2644, r = 27.7874, and P = 6.5968e-25
Found TOV solution for rho_c = 0.00024
       Mass     = 0.122529
       RestMass = 0.123239
       Radius   = 27.6647
       Circ Radius = 27.7874
       Surf Lapse  =  0.995581  0.995581  27.7874
rho_c = 0.000251958, P_c = 2.35003e-06, eps_c = 0.000254932
finished odeint with kount = 2591, r = 23.8686, and P = 6.08518e-25
Found TOV solution for rho_c = 0.000251958
       Mass     = 0.12924
       RestMass = 0.130048
       Radius   = 23.7392
       Circ Radius = 23.8686
       Surf Lapse  =  0.994571  0.994571  23.8686
rho_c = 0.000264513, P_c = 2.66329e-06, eps_c = 0.000267761
finished odeint with kount = 2498, r = 20.8458, and P = 1.95817e-25
Found TOV solution for rho_c = 0.000264513
       Mass     = 0.137098
       RestMass = 0.138031
       Radius   = 20.7085
       Circ Radius = 20.8458
       Surf Lapse  =  0.993401  0.993401  20.8458
rho_c = 0.000277692, P_c = 3.02772e-06, eps_c = 0.000281245
finished odeint with kount = 2440, r = 18.505, and P = 6.20654e-25
Found TOV solution for rho_c = 0.000277692
       Mass     = 0.146234
       RestMass = 0.147322
       Radius   = 18.3585
       Circ Radius = 18.505
       Surf Lapse  =  0.992066  0.992066  18.505
rho_c = 0.000291529, P_c = 3.45055e-06, eps_c = 0.000295422
finished odeint with kount = 2342, r = 16.6728, and P = 1.33099e-25
Found TOV solution for rho_c = 0.000291529
       Mass     = 0.156768
       RestMass = 0.158052
       Radius   = 16.5156
       Circ Radius = 16.6728
       Surf Lapse  =  0.990553  0.990553  16.6728
rho_c = 0.000306055, P_c = 3.94035e-06, eps_c = 0.000310328
finished odeint with kount = 2254, r = 15.212, and P = 4.3329e-25
Found TOV solution for rho_c = 0.000306055
       Mass     = 0.168831
       RestMass = 0.170357
       Radius   = 15.0427
       Circ Radius = 15.212
       Surf Lapse  =  0.988839  0.988839  15.212
rho_c = 0.000321304, P_c = 4.50645e-06, eps_c = 0.000326004
finished odeint with kount = 2232, r = 14.0398, and P = 4.10066e-24
Found TOV solution for rho_c = 0.000321304
       Mass     = 0.182539
       RestMass = 0.184368
       Radius   = 13.8567
       Circ Radius = 14.0398
       Surf Lapse  =  0.986913  0.986913  14.0398
rho_c = 0.000337314, P_c = 5.16011e-06, eps_c = 0.000342492
finished odeint with kount = 2144, r = 13.1029, and P = 2.73648e-24
Found TOV solution for rho_c = 0.000337314
       Mass     = 0.198023
       RestMass = 0.200226
       Radius   = 12.9041
       Circ Radius = 13.1029
       Surf Lapse  =  0.984771  0.984771  13.1029
rho_c = 0.000354121, P_c = 5.91429e-06, eps_c = 0.000359837
finished odeint with kount = 2122, r = 12.3311, and P = 3.50749e-25
Found TOV solution for rho_c = 0.000354121
       Mass     = 0.215418
       RestMass = 0.218081
       Radius   = 12.1148
       Circ Radius = 12.3311
       Surf Lapse  =  0.982375  0.982375  12.3311
rho_c = 0.000371766, P_c = 6.78368e-06, eps_c = 0.000378087
finished odeint with kount = 2066, r = 11.7222, and P = 3.19912e-24
Found TOV solution for rho_c = 0.000371766
       Mass     = 0.234856
       RestMass = 0.238085
       Radius   = 11.4861
       Circ Radius = 11.7222
       Surf Lapse  =  0.97976  0.97976  11.7222
rho_c = 0.00039029, P_c = 7.78575e-06, eps_c = 0.000397295
finished odeint with kount = 2036, r = 11.2169, and P = 2.3462e-24
Found TOV solution for rho_c = 0.00039029
       Mass     = 0.256485
       RestMass = 0.260406
       Radius   = 10.9589
       Circ Radius = 11.2169
       Surf Lapse  =  0.976866  0.976866  11.2169
rho_c = 0.000409737, P_c = 8.94121e-06, eps_c = 0.000417514
finished odeint with kount = 1990, r = 10.8018, and P = 5.0586e-24
Found TOV solution for rho_c = 0.000409737
       Mass     = 0.280468
       RestMass = 0.285233
       Radius   = 10.5195
       Circ Radius = 10.8018
       Surf Lapse  =  0.973689  0.973689  10.8018
rho_c = 0.000430152, P_c = 1.02757e-05, eps_c = 0.000438803
finished odeint with kount = 1913, r = 10.4621, and P = 8.15399e-24
Found TOV solution for rho_c = 0.000430152
       Mass     = 0.307011
       RestMass = 0.312804
       Radius   = 10.1528
       Circ Radius = 10.4621
       Surf Lapse  =  0.970211  0.970211  10.4621
rho_c = 0.000451585, P_c = 1.182e-05, eps_c = 0.000461227
finished odeint with kount = 1904, r = 10.1799, and P = 4.43368e-24
Found TOV solution for rho_c = 0.000451585
       Mass     = 0.336352
       RestMass = 0.343395
       Radius   = 9.84064
       Circ Radius = 10.1799
       Surf Lapse  =  0.966394  0.966394  10.1799
rho_c = 0.000474086, P_c = 1.36212e-05, eps_c = 0.000484853
finished odeint with kount = 1864, r = 9.94719, and P = 8.95226e-24
Found TOV solution for rho_c = 0.000474086
       Mass     = 0.368947
       RestMass = 0.37752
       Radius   = 9.57469
       Circ Radius = 9.94719
       Surf Lapse  =  0.962195  0.962195  9.94719
rho_c = 0.000497709, P_c = 1.57828e-05, eps_c = 0.000509759
finished odeint with kount = 1828, r = 9.75008, and P = 8.50266e-24
Found TOV solution for rho_c = 0.000497709
       Mass     = 0.406166
       RestMass = 0.416667
       Radius   = 9.3395
       Circ Radius = 9.75008
       Surf Lapse  =  0.957437  0.957437  9.75008
rho_c = 0.000522508, P_c = 1.8482e-05, eps_c = 0.000536028
finished odeint with kount = 11751, r = 9.58064, and P = 1.18144e-23
Found TOV solution for rho_c = 0.000522508
       Mass     = 0.450491
       RestMass = 0.46354
       Radius   = 9.12459
       Circ Radius = 9.58064
       Surf Lapse  =  0.951818  0.951818  9.58064
rho_c = 0.000548543, P_c = 2.19169e-05, eps_c = 0.000563763
finished odeint with kount = 11180, r = 9.43909, and P = 1.06424e-23
Found TOV solution for rho_c = 0.000548543
       Mass     = 0.504483
       RestMass = 0.521006
       Radius   = 8.92748
       Circ Radius = 9.43909
       Surf Lapse  =  0.945044  0.945044  9.43909
rho_c = 0.000575875, P_c = 2.62181e-05, eps_c = 0.000593078
finished odeint with kount = 10630, r = 9.33152, and P = 1.58267e-23
Found TOV solution for rho_c = 0.000575875
       Mass     = 0.569145
       RestMass = 0.590369
       Radius   = 8.75313
       Circ Radius = 9.33152
       Surf Lapse  =  0.937025  0.937025  9.33152
rho_c = 0.000604569, P_c = 3.14506e-05, eps_c = 0.000624094
finished odeint with kount = 10130, r = 9.25925, and P = 9.6785e-24
Found TOV solution for rho_c = 0.000604569
       Mass     = 0.643841
       RestMass = 0.671228
       Radius   = 8.60336
       Circ Radius = 9.25925
       Surf Lapse  =  0.927863  0.927863  9.25925
rho_c = 0.000634692, P_c = 3.75757e-05, eps_c = 0.000656938
finished odeint with kount = 9695, r = 9.22006, and P = 2.59306e-24
Found TOV solution for rho_c = 0.000634692
       Mass     = 0.72586
       RestMass = 0.76093
       Radius   = 8.47866
       Circ Radius = 9.22006
       Surf Lapse  =  0.917904  0.917904  9.22006
rho_c = 0.000666317, P_c = 4.45201e-05, eps_c = 0.00069173
finished odeint with kount = 9363, r = 9.20486, and P = 6.07964e-24
Found TOV solution for rho_c = 0.000666317
       Mass     = 0.811812
       RestMass = 0.855977
       Radius   = 8.37337
       Circ Radius = 9.20486
       Surf Lapse  =  0.907531  0.907531  9.20486
rho_c = 0.000699517, P_c = 5.22853e-05, eps_c = 0.000728605
finished odeint with kount = 9084, r = 9.20477, and P = 2.32375e-24
Found TOV solution for rho_c = 0.000699517
       Mass     = 0.899434
       RestMass = 0.953991
       Radius   = 8.28091
       Circ Radius = 9.20477
       Surf Lapse  =  0.896979  0.896979  9.20477
rho_c = 0.000734372, P_c = 6.09511e-05, eps_c = 0.0007677
finished odeint with kount = 8860, r = 9.21318, and P = 8.07721e-24
Found TOV solution for rho_c = 0.000734372
       Mass     = 0.987581
       RestMass = 1.05376
       Radius   = 8.19585
       Circ Radius = 9.21318
       Surf Lapse  =  0.88635  0.88635  9.21318
rho_c = 0.000770963, P_c = 7.06115e-05, eps_c = 0.000809171
finished odeint with kount = 8649, r = 9.22352, and P = 1.8156e-23
Found TOV solution for rho_c = 0.000770963
       Mass     = 1.07534
       RestMass = 1.15429
       Radius   = 8.11255
       Circ Radius = 9.22352
       Surf Lapse  =  0.875687  0.875687  9.22352
rho_c = 0.000809377, P_c = 8.13582e-05, eps_c = 0.000853213
finished odeint with kount = 8497, r = 9.23357, and P = 6.55328e-24
Found TOV solution for rho_c = 0.000809377
       Mass     = 1.16182
       RestMass = 1.25457
       Radius   = 8.02972
       Circ Radius = 9.23357
       Surf Lapse  =  0.865071  0.865071  9.23357
rho_c = 0.000849706, P_c = 9.33074e-05, eps_c = 0.000900046
finished odeint with kount = 8356, r = 9.24074, and P = 9.13213e-24
Found TOV solution for rho_c = 0.000849706
       Mass     = 1.24639
       RestMass = 1.35384
       Radius   = 7.94547
       Circ Radius = 9.24074
       Surf Lapse  =  0.854541  0.854541  9.24074
rho_c = 0.000892044, P_c = 0.000106567, eps_c = 0.000949933
finished odeint with kount = 8236, r = 9.24357, and P = 1.4682e-23
Found TOV solution for rho_c = 0.000892044
       Mass     = 1.32835
       RestMass = 1.45124
       Radius   = 7.85909
       Circ Radius = 9.24357
       Surf Lapse  =  0.84415  0.84415  9.24357
rho_c = 0.000936492, P_c = 0.000121275, eps_c = 0.00100308
finished odeint with kount = 8117, r = 9.24021, and P = 3.56434e-23
Found TOV solution for rho_c = 0.000936492
       Mass     = 1.40724
       RestMass = 1.54614
       Radius   = 7.76925
       Circ Radius = 9.24021
       Surf Lapse  =  0.833912  0.833912  9.24021
rho_c = 0.000983154, P_c = 0.000137572, eps_c = 0.00105966
finished odeint with kount = 7989, r = 9.23074, and P = 2.91785e-23
Found TOV solution for rho_c = 0.000983154
       Mass     = 1.48263
       RestMass = 1.63792
       Radius   = 7.67652
       Circ Radius = 9.23074
       Surf Lapse  =  0.82387  0.82387  9.23074
rho_c = 0.00103214, P_c = 0.000155602, eps_c = 0.00111986
finished odeint with kount = 7886, r = 9.21507, and P = 4.54642e-23
Found TOV solution for rho_c = 0.00103214
       Mass     = 1.55416
       RestMass = 1.72605
       Radius   = 7.58126
       Circ Radius = 9.21507
       Surf Lapse  =  0.814059  0.814059  9.21507
rho_c = 0.00108357, P_c = 0.000175531, eps_c = 0.00118386
finished odeint with kount = 7805, r = 9.19196, and P = 6.00314e-23
Found TOV solution for rho_c = 0.00108357
       Mass     = 1.62159
       RestMass = 1.81012
       Radius   = 7.48252
       Circ Radius = 9.19196
       Surf Lapse  =  0.80447  0.80447  9.19196
rho_c = 0.00113756, P_c = 0.000197519, eps_c = 0.00125186
finished odeint with kount = 7669, r = 9.16317, and P = 7.83626e-23
Found TOV solution for rho_c = 0.00113756
       Mass     = 1.6847
       RestMass = 1.88972
       Radius   = 7.38236
       Circ Radius = 9.16317
       Surf Lapse  =  0.795167  0.795167  9.16317
rho_c = 0.00119424, P_c = 0.000221772, eps_c = 0.00132411
finished odeint with kount = 7606, r = 9.12759, and P = 2.11486e-22
Found TOV solution for rho_c = 0.00119424
       Mass     = 1.74343
       RestMass = 1.96468
       Radius   = 7.27978
       Circ Radius = 9.12759
       Surf Lapse  =  0.786121  0.786121  9.12759
rho_c = 0.00125375, P_c = 0.000248506, eps_c = 0.00140107
finished odeint with kount = 7513, r = 9.08604, and P = 2.07061e-22
Found TOV solution for rho_c = 0.00125375
       Mass     = 1.79775
       RestMass = 2.03481
       Radius   = 7.17569
       Circ Radius = 9.08604
       Surf Lapse  =  0.777356  0.777356  9.08604
rho_c = 0.00131622, P_c = 0.000277962, eps_c = 0.0014834
finished odeint with kount = 7413, r = 9.03908, and P = 9.27233e-23
Found TOV solution for rho_c = 0.00131622
       Mass     = 1.84762
       RestMass = 2.09995
       Radius   = 7.07076
       Circ Radius = 9.03908
       Surf Lapse  =  0.76889  0.76889  9.03908
rho_c = 0.0013818, P_c = 0.000310383, eps_c = 0.00157177
finished odeint with kount = 7356, r = 8.98666, and P = 2.62839e-22
Found TOV solution for rho_c = 0.0013818
       Mass     = 1.893
       RestMass = 2.15989
       Radius   = 6.96505
       Circ Radius = 8.98666
       Surf Lapse  =  0.76073  0.76073  8.98666
rho_c = 0.00145065, P_c = 0.000345979, eps_c = 0.00166672
finished odeint with kount = 7242, r = 8.92942, and P = 2.76454e-22
Found TOV solution for rho_c = 0.00145065
       Mass     = 1.93378
       RestMass = 2.21436
       Radius   = 6.85935
       Circ Radius = 8.92942
       Surf Lapse  =  0.75291  0.75291  8.92942
rho_c = 0.00152293, P_c = 0.000385007, eps_c = 0.00176854
finished odeint with kount = 7177, r = 8.86783, and P = 3.22181e-22
Found TOV solution for rho_c = 0.00152293
       Mass     = 1.97002
       RestMass = 2.26325
       Radius   = 6.75417
       Circ Radius = 8.86783
       Surf Lapse  =  0.745449  0.745449  8.86783
rho_c = 0.00159881, P_c = 0.000427731, eps_c = 0.0018776
finished odeint with kount = 7121, r = 8.8023, and P = 3.33871e-22
Found TOV solution for rho_c = 0.00159881
       Mass     = 2.00179
       RestMass = 2.30652
       Radius   = 6.64986
       Circ Radius = 8.8023
       Surf Lapse  =  0.738355  0.738355  8.8023
rho_c = 0.00167848, P_c = 0.000474447, eps_c = 0.00199437
finished odeint with kount = 7025, r = 8.73313, and P = 3.07205e-22
Found TOV solution for rho_c = 0.00167848
       Mass     = 2.02923
       RestMass = 2.34426
       Radius   = 6.54666
       Circ Radius = 8.73313
       Surf Lapse  =  0.731628  0.731628  8.73313
rho_c = 0.00176211, P_c = 0.000525484, eps_c = 0.00211937
finished odeint with kount = 6964, r = 8.66112, and P = 8.65471e-23
Found TOV solution for rho_c = 0.00176211
       Mass     = 2.05254
       RestMass = 2.37657
       Radius   = 6.44517
       Circ Radius = 8.66112
       Surf Lapse  =  0.725282  0.725282  8.66112
rho_c = 0.00184991, P_c = 0.00058117, eps_c = 0.00225322
finished odeint with kount = 6883, r = 8.58627, and P = 5.10614e-22
Found TOV solution for rho_c = 0.00184991
       Mass     = 2.07189
       RestMass = 2.40361
       Radius   = 6.34525
       Circ Radius = 8.58627
       Surf Lapse  =  0.719301  0.719301  8.58627
rho_c = 0.00194208, P_c = 0.000641913, eps_c = 0.00239653
finished odeint with kount = 6812, r = 8.50929, and P = 8.25397e-23
Found TOV solution for rho_c = 0.00194208
       Mass     = 2.08752
       RestMass = 2.42561
       Radius   = 6.24739
       Circ Radius = 8.50929
       Surf Lapse  =  0.713692  0.713692  8.50929
rho_c = 0.00203885, P_c = 0.000708099, eps_c = 0.00255013
finished odeint with kount = 6765, r = 8.43005, and P = 5.92141e-22
Found TOV solution for rho_c = 0.00203885
       Mass     = 2.09963
       RestMass = 2.44276
       Radius   = 6.15125
       Circ Radius = 8.43005
       Surf Lapse  =  0.708428  0.708428  8.43005
rho_c = 0.00214044, P_c = 0.000780168, eps_c = 0.00271485
finished odeint with kount = 6713, r = 8.3497, and P = 5.11813e-22
Found TOV solution for rho_c = 0.00214044
       Mass     = 2.10844
       RestMass = 2.4553
       Radius   = 6.0578
       Circ Radius = 8.3497
       Surf Lapse  =  0.703538  0.703538  8.3497
rho_c = 0.00224709, P_c = 0.000858588, eps_c = 0.00289156
finished odeint with kount = 6662, r = 8.26803, and P = 1.54194e-22
Found TOV solution for rho_c = 0.00224709
       Mass     = 2.11417
       RestMass = 2.46348
       Radius   = 5.96658
       Circ Radius = 8.26803
       Surf Lapse  =  0.698994  0.698994  8.26803
rho_c = 0.00235906, P_c = 0.000943843, eps_c = 0.00308122
finished odeint with kount = 6611, r = 8.18557, and P = 7.77486e-22
Found TOV solution for rho_c = 0.00235906
       Mass     = 2.11703
       RestMass = 2.46755
       Radius   = 5.87792
       Circ Radius = 8.18557
       Surf Lapse  =  0.694796  0.694796  8.18557
rho_c = 0.0024766, P_c = 0.00103652, eps_c = 0.00328473
finished odeint with kount = 6525, r = 8.10234, and P = 3.987e-22
Found TOV solution for rho_c = 0.0024766
       Mass     = 2.11723
       RestMass = 2.46776
       Radius   = 5.79161
       Circ Radius = 8.10234
       Surf Lapse  =  0.690926  0.690926  8.10234
rho_c = 0.0026, P_c = 0.00113719, eps_c = 0.0035032
finished odeint with kount = 6494, r = 8.01898, and P = 5.88331e-22
Found TOV solution for rho_c = 0.0026
       Mass     = 2.11498
       RestMass = 2.46437
       Radius   = 5.70809
       Circ Radius = 8.01898
       Surf Lapse  =  0.687392  0.687392  8.01898
